<?xml version="1.0" encoding="UTF-8"?>
<testsuites>
  <testsuite name="/var/www/html/phpunit.xml" tests="827" assertions="5529" errors="0" failures="1" skipped="1" time="40.928141">
    <testsuite name="Unit" tests="304" assertions="1248" errors="0" failures="0" skipped="0" time="4.656261">
      <testsuite name="Tests\Unit\Exceptions\Import\FileNotFoundExceptionTest" file="/var/www/html/tests/Unit/Exceptions/Import/FileNotFoundExceptionTest.php" tests="3" assertions="7" errors="0" failures="0" skipped="0" time="0.134888">
        <testcase name="it_constructs_with_file_path" file="/var/www/html/tests/Unit/Exceptions/Import/FileNotFoundExceptionTest.php" line="13" class="Tests\Unit\Exceptions\Import\FileNotFoundExceptionTest" classname="Tests.Unit.Exceptions.Import.FileNotFoundExceptionTest" assertions="3" time="0.110440"/>
        <testcase name="it_renders_proper_json_response_for_api" file="/var/www/html/tests/Unit/Exceptions/Import/FileNotFoundExceptionTest.php" line="23" class="Tests\Unit\Exceptions\Import\FileNotFoundExceptionTest" classname="Tests.Unit.Exceptions.Import.FileNotFoundExceptionTest" assertions="3" time="0.016103"/>
        <testcase name="it_exposes_file_path_as_public_property" file="/var/www/html/tests/Unit/Exceptions/Import/FileNotFoundExceptionTest.php" line="37" class="Tests\Unit\Exceptions\Import\FileNotFoundExceptionTest" classname="Tests.Unit.Exceptions.Import.FileNotFoundExceptionTest" assertions="1" time="0.008346"/>
      </testsuite>
      <testsuite name="Tests\Unit\Exceptions\Lookup\EntityNotFoundExceptionTest" file="/var/www/html/tests/Unit/Exceptions/Lookup/EntityNotFoundExceptionTest.php" tests="4" assertions="13" errors="0" failures="0" skipped="0" time="0.118800">
        <testcase name="it_constructs_with_entity_details" file="/var/www/html/tests/Unit/Exceptions/Lookup/EntityNotFoundExceptionTest.php" line="13" class="Tests\Unit\Exceptions\Lookup\EntityNotFoundExceptionTest" classname="Tests.Unit.Exceptions.Lookup.EntityNotFoundExceptionTest" assertions="4" time="0.054328"/>
        <testcase name="it_defaults_to_id_column" file="/var/www/html/tests/Unit/Exceptions/Lookup/EntityNotFoundExceptionTest.php" line="28" class="Tests\Unit\Exceptions\Lookup\EntityNotFoundExceptionTest" classname="Tests.Unit.Exceptions.Lookup.EntityNotFoundExceptionTest" assertions="2" time="0.009247"/>
        <testcase name="it_renders_proper_json_response" file="/var/www/html/tests/Unit/Exceptions/Lookup/EntityNotFoundExceptionTest.php" line="40" class="Tests\Unit\Exceptions\Lookup\EntityNotFoundExceptionTest" classname="Tests.Unit.Exceptions.Lookup.EntityNotFoundExceptionTest" assertions="4" time="0.036788"/>
        <testcase name="it_exposes_details_as_public_properties" file="/var/www/html/tests/Unit/Exceptions/Lookup/EntityNotFoundExceptionTest.php" line="59" class="Tests\Unit\Exceptions\Lookup\EntityNotFoundExceptionTest" classname="Tests.Unit.Exceptions.Lookup.EntityNotFoundExceptionTest" assertions="3" time="0.018437"/>
      </testsuite>
      <testsuite name="Tests\Unit\Exceptions\Search\InvalidFilterSyntaxExceptionTest" file="/var/www/html/tests/Unit/Exceptions/Search/InvalidFilterSyntaxExceptionTest.php" tests="3" assertions="8" errors="0" failures="0" skipped="0" time="0.196006">
        <testcase name="it_constructs_with_filter_and_message" file="/var/www/html/tests/Unit/Exceptions/Search/InvalidFilterSyntaxExceptionTest.php" line="13" class="Tests\Unit\Exceptions\Search\InvalidFilterSyntaxExceptionTest" classname="Tests.Unit.Exceptions.Search.InvalidFilterSyntaxExceptionTest" assertions="2" time="0.159584"/>
        <testcase name="it_renders_proper_json_response" file="/var/www/html/tests/Unit/Exceptions/Search/InvalidFilterSyntaxExceptionTest.php" line="25" class="Tests\Unit\Exceptions\Search\InvalidFilterSyntaxExceptionTest" classname="Tests.Unit.Exceptions.Search.InvalidFilterSyntaxExceptionTest" assertions="5" time="0.025233"/>
        <testcase name="it_preserves_previous_exception" file="/var/www/html/tests/Unit/Exceptions/Search/InvalidFilterSyntaxExceptionTest.php" line="44" class="Tests\Unit\Exceptions\Search\InvalidFilterSyntaxExceptionTest" classname="Tests.Unit.Exceptions.Search.InvalidFilterSyntaxExceptionTest" assertions="1" time="0.011189"/>
      </testsuite>
      <testsuite name="Tests\Unit\Factories\EntityPrerequisiteFactoryTest" file="/var/www/html/tests/Unit/Factories/EntityPrerequisiteFactoryTest.php" tests="7" assertions="18" errors="0" failures="0" skipped="0" time="0.510412">
        <testcase name="it_creates_prerequisite_with_default_values" file="/var/www/html/tests/Unit/Factories/EntityPrerequisiteFactoryTest.php" line="21" class="Tests\Unit\Factories\EntityPrerequisiteFactoryTest" classname="Tests.Unit.Factories.EntityPrerequisiteFactoryTest" assertions="2" time="0.406867">
          <system-out>Shield item type not found (code: S). Skipping migration.
</system-out>
        </testcase>
        <testcase name="it_creates_ability_score_prerequisite" file="/var/www/html/tests/Unit/Factories/EntityPrerequisiteFactoryTest.php" line="30" class="Tests\Unit\Factories\EntityPrerequisiteFactoryTest" classname="Tests.Unit.Factories.EntityPrerequisiteFactoryTest" assertions="5" time="0.031862"/>
        <testcase name="it_creates_race_prerequisite" file="/var/www/html/tests/Unit/Factories/EntityPrerequisiteFactoryTest.php" line="48" class="Tests\Unit\Factories\EntityPrerequisiteFactoryTest" classname="Tests.Unit.Factories.EntityPrerequisiteFactoryTest" assertions="2" time="0.015844"/>
        <testcase name="it_creates_proficiency_prerequisite" file="/var/www/html/tests/Unit/Factories/EntityPrerequisiteFactoryTest.php" line="63" class="Tests\Unit\Factories\EntityPrerequisiteFactoryTest" classname="Tests.Unit.Factories.EntityPrerequisiteFactoryTest" assertions="2" time="0.013122"/>
        <testcase name="it_creates_free_form_feature_prerequisite" file="/var/www/html/tests/Unit/Factories/EntityPrerequisiteFactoryTest.php" line="78" class="Tests\Unit\Factories\EntityPrerequisiteFactoryTest" classname="Tests.Unit.Factories.EntityPrerequisiteFactoryTest" assertions="3" time="0.011933"/>
        <testcase name="it_sets_group_id_for_logical_grouping" file="/var/www/html/tests/Unit/Factories/EntityPrerequisiteFactoryTest.php" line="93" class="Tests\Unit\Factories\EntityPrerequisiteFactoryTest" classname="Tests.Unit.Factories.EntityPrerequisiteFactoryTest" assertions="2" time="0.015136"/>
        <testcase name="it_can_be_used_for_items" file="/var/www/html/tests/Unit/Factories/EntityPrerequisiteFactoryTest.php" line="116" class="Tests\Unit\Factories\EntityPrerequisiteFactoryTest" classname="Tests.Unit.Factories.EntityPrerequisiteFactoryTest" assertions="2" time="0.015647"/>
      </testsuite>
      <testsuite name="Tests\Unit\Factories\PolymorphicFactoriesTest" file="/var/www/html/tests/Unit/Factories/PolymorphicFactoriesTest.php" tests="6" assertions="14" errors="0" failures="0" skipped="0" time="0.077771">
        <testcase name="it_creates_character_trait" file="/var/www/html/tests/Unit/Factories/PolymorphicFactoriesTest.php" line="18" class="Tests\Unit\Factories\PolymorphicFactoriesTest" classname="Tests.Unit.Factories.PolymorphicFactoriesTest" assertions="3" time="0.019895"/>
        <testcase name="it_creates_trait_for_specific_entity" file="/var/www/html/tests/Unit/Factories/PolymorphicFactoriesTest.php" line="28" class="Tests\Unit\Factories\PolymorphicFactoriesTest" classname="Tests.Unit.Factories.PolymorphicFactoriesTest" assertions="2" time="0.012942"/>
        <testcase name="it_creates_proficiency" file="/var/www/html/tests/Unit/Factories/PolymorphicFactoriesTest.php" line="40" class="Tests\Unit\Factories\PolymorphicFactoriesTest" classname="Tests.Unit.Factories.PolymorphicFactoriesTest" assertions="2" time="0.011776"/>
        <testcase name="it_creates_skill_proficiency" file="/var/www/html/tests/Unit/Factories/PolymorphicFactoriesTest.php" line="49" class="Tests\Unit\Factories\PolymorphicFactoriesTest" classname="Tests.Unit.Factories.PolymorphicFactoriesTest" assertions="2" time="0.011033"/>
        <testcase name="it_creates_modifier" file="/var/www/html/tests/Unit/Factories/PolymorphicFactoriesTest.php" line="58" class="Tests\Unit\Factories\PolymorphicFactoriesTest" classname="Tests.Unit.Factories.PolymorphicFactoriesTest" assertions="2" time="0.010997"/>
        <testcase name="it_creates_ability_score_modifier" file="/var/www/html/tests/Unit/Factories/PolymorphicFactoriesTest.php" line="67" class="Tests\Unit\Factories\PolymorphicFactoriesTest" classname="Tests.Unit.Factories.PolymorphicFactoriesTest" assertions="3" time="0.011129"/>
      </testsuite>
      <testsuite name="Tests\Unit\Factories\RandomTableFactoriesTest" file="/var/www/html/tests/Unit/Factories/RandomTableFactoriesTest.php" tests="3" assertions="9" errors="0" failures="0" skipped="0" time="0.039328">
        <testcase name="it_creates_random_table" file="/var/www/html/tests/Unit/Factories/RandomTableFactoriesTest.php" line="16" class="Tests\Unit\Factories\RandomTableFactoriesTest" classname="Tests.Unit.Factories.RandomTableFactoriesTest" assertions="4" time="0.012921"/>
        <testcase name="it_creates_random_table_entry" file="/var/www/html/tests/Unit/Factories/RandomTableFactoriesTest.php" line="27" class="Tests\Unit\Factories\RandomTableFactoriesTest" classname="Tests.Unit.Factories.RandomTableFactoriesTest" assertions="3" time="0.014374"/>
        <testcase name="it_creates_multiple_entries_for_table" file="/var/www/html/tests/Unit/Factories/RandomTableFactoriesTest.php" line="37" class="Tests\Unit\Factories\RandomTableFactoriesTest" classname="Tests.Unit.Factories.RandomTableFactoriesTest" assertions="2" time="0.012033"/>
      </testsuite>
      <testsuite name="Tests\Unit\Factories\SpellEffectFactoryTest" file="/var/www/html/tests/Unit/Factories/SpellEffectFactoryTest.php" tests="4" assertions="13" errors="0" failures="0" skipped="0" time="0.060877">
        <testcase name="it_creates_a_spell_effect_with_valid_data" file="/var/www/html/tests/Unit/Factories/SpellEffectFactoryTest.php" line="15" class="Tests\Unit\Factories\SpellEffectFactoryTest" classname="Tests.Unit.Factories.SpellEffectFactoryTest" assertions="3" time="0.015798"/>
        <testcase name="it_creates_damage_effect_with_state" file="/var/www/html/tests/Unit/Factories/SpellEffectFactoryTest.php" line="25" class="Tests\Unit\Factories\SpellEffectFactoryTest" classname="Tests.Unit.Factories.SpellEffectFactoryTest" assertions="4" time="0.015077"/>
        <testcase name="it_creates_spell_slot_scaling_effect" file="/var/www/html/tests/Unit/Factories/SpellEffectFactoryTest.php" line="36" class="Tests\Unit\Factories\SpellEffectFactoryTest" classname="Tests.Unit.Factories.SpellEffectFactoryTest" assertions="3" time="0.014790"/>
        <testcase name="it_creates_character_level_scaling_effect" file="/var/www/html/tests/Unit/Factories/SpellEffectFactoryTest.php" line="46" class="Tests\Unit\Factories\SpellEffectFactoryTest" classname="Tests.Unit.Factories.SpellEffectFactoryTest" assertions="3" time="0.015212"/>
      </testsuite>
      <testsuite name="Tests\Unit\Importers\Concerns\GeneratesSlugsTest" file="/var/www/html/tests/Unit/Importers/Concerns/GeneratesSlugsTest.php" tests="5" assertions="5" errors="0" failures="0" skipped="0" time="0.041610">
        <testcase name="it_generates_simple_slug_from_name" file="/var/www/html/tests/Unit/Importers/Concerns/GeneratesSlugsTest.php" line="14" class="Tests\Unit\Importers\Concerns\GeneratesSlugsTest" classname="Tests.Unit.Importers.Concerns.GeneratesSlugsTest" assertions="1" time="0.010745"/>
        <testcase name="it_generates_hierarchical_slug_with_parent" file="/var/www/html/tests/Unit/Importers/Concerns/GeneratesSlugsTest.php" line="21" class="Tests\Unit\Importers\Concerns\GeneratesSlugsTest" classname="Tests.Unit.Importers.Concerns.GeneratesSlugsTest" assertions="1" time="0.007647"/>
        <testcase name="it_handles_special_characters" file="/var/www/html/tests/Unit/Importers/Concerns/GeneratesSlugsTest.php" line="28" class="Tests\Unit\Importers\Concerns\GeneratesSlugsTest" classname="Tests.Unit.Importers.Concerns.GeneratesSlugsTest" assertions="1" time="0.006741"/>
        <testcase name="it_handles_parentheses_in_names" file="/var/www/html/tests/Unit/Importers/Concerns/GeneratesSlugsTest.php" line="35" class="Tests\Unit\Importers\Concerns\GeneratesSlugsTest" classname="Tests.Unit.Importers.Concerns.GeneratesSlugsTest" assertions="1" time="0.008342"/>
        <testcase name="it_handles_multiple_spaces" file="/var/www/html/tests/Unit/Importers/Concerns/GeneratesSlugsTest.php" line="42" class="Tests\Unit\Importers\Concerns\GeneratesSlugsTest" classname="Tests.Unit.Importers.Concerns.GeneratesSlugsTest" assertions="1" time="0.008135"/>
      </testsuite>
      <testsuite name="Tests\Unit\Importers\Concerns\ImportsRandomTablesTest" file="/var/www/html/tests/Unit/Importers/Concerns/ImportsRandomTablesTest.php" tests="5" assertions="9" errors="0" failures="0" skipped="0" time="0.075738">
        <testcase name="it_imports_random_table_from_trait_description" file="/var/www/html/tests/Unit/Importers/Concerns/ImportsRandomTablesTest.php" line="18" class="Tests\Unit\Importers\Concerns\ImportsRandomTablesTest" classname="Tests.Unit.Importers.Concerns.ImportsRandomTablesTest" assertions="1" time="0.018201"/>
        <testcase name="it_creates_table_entries_with_correct_roll_ranges" file="/var/www/html/tests/Unit/Importers/Concerns/ImportsRandomTablesTest.php" line="41" class="Tests\Unit\Importers\Concerns\ImportsRandomTablesTest" classname="Tests.Unit.Importers.Concerns.ImportsRandomTablesTest" assertions="5" time="0.016358"/>
        <testcase name="it_detects_dice_type_from_table" file="/var/www/html/tests/Unit/Importers/Concerns/ImportsRandomTablesTest.php" line="68" class="Tests\Unit\Importers\Concerns\ImportsRandomTablesTest" classname="Tests.Unit.Importers.Concerns.ImportsRandomTablesTest" assertions="1" time="0.013610"/>
        <testcase name="it_handles_multiple_tables_in_one_description" file="/var/www/html/tests/Unit/Importers/Concerns/ImportsRandomTablesTest.php" line="93" class="Tests\Unit\Importers\Concerns\ImportsRandomTablesTest" classname="Tests.Unit.Importers.Concerns.ImportsRandomTablesTest" assertions="1" time="0.014484"/>
        <testcase name="it_skips_traits_without_tables" file="/var/www/html/tests/Unit/Importers/Concerns/ImportsRandomTablesTest.php" line="118" class="Tests\Unit\Importers\Concerns\ImportsRandomTablesTest" classname="Tests.Unit.Importers.Concerns.ImportsRandomTablesTest" assertions="1" time="0.013085"/>
      </testsuite>
      <testsuite name="Tests\Unit\Models\BackgroundSearchableTest" file="/var/www/html/tests/Unit/Models/BackgroundSearchableTest.php" tests="3" assertions="7" errors="0" failures="0" skipped="0" time="0.034432">
        <testcase name="it_returns_searchable_array_with_denormalized_data" file="/var/www/html/tests/Unit/Models/BackgroundSearchableTest.php" line="16" class="Tests\Unit\Models\BackgroundSearchableTest" classname="Tests.Unit.Models.BackgroundSearchableTest" assertions="4" time="0.016746"/>
        <testcase name="it_defines_searchable_relationships" file="/var/www/html/tests/Unit/Models/BackgroundSearchableTest.php" line="42" class="Tests\Unit\Models\BackgroundSearchableTest" classname="Tests.Unit.Models.BackgroundSearchableTest" assertions="2" time="0.008718"/>
        <testcase name="it_uses_correct_search_index_name" file="/var/www/html/tests/Unit/Models/BackgroundSearchableTest.php" line="51" class="Tests\Unit\Models\BackgroundSearchableTest" classname="Tests.Unit.Models.BackgroundSearchableTest" assertions="1" time="0.008969"/>
      </testsuite>
      <testsuite name="Tests\Unit\Models\CharacterClassSearchableTest" file="/var/www/html/tests/Unit/Models/CharacterClassSearchableTest.php" tests="3" assertions="8" errors="0" failures="0" skipped="0" time="0.032296">
        <testcase name="it_returns_searchable_array_with_denormalized_data" file="/var/www/html/tests/Unit/Models/CharacterClassSearchableTest.php" line="16" class="Tests\Unit\Models\CharacterClassSearchableTest" classname="Tests.Unit.Models.CharacterClassSearchableTest" assertions="5" time="0.014905"/>
        <testcase name="it_defines_searchable_relationships" file="/var/www/html/tests/Unit/Models/CharacterClassSearchableTest.php" line="44" class="Tests\Unit\Models\CharacterClassSearchableTest" classname="Tests.Unit.Models.CharacterClassSearchableTest" assertions="2" time="0.008822"/>
        <testcase name="it_uses_correct_search_index_name" file="/var/www/html/tests/Unit/Models/CharacterClassSearchableTest.php" line="53" class="Tests\Unit\Models\CharacterClassSearchableTest" classname="Tests.Unit.Models.CharacterClassSearchableTest" assertions="1" time="0.008569"/>
      </testsuite>
      <testsuite name="Tests\Unit\Models\FeatSearchableTest" file="/var/www/html/tests/Unit/Models/FeatSearchableTest.php" tests="3" assertions="8" errors="0" failures="0" skipped="0" time="0.034430">
        <testcase name="it_returns_searchable_array_with_denormalized_data" file="/var/www/html/tests/Unit/Models/FeatSearchableTest.php" line="16" class="Tests\Unit\Models\FeatSearchableTest" classname="Tests.Unit.Models.FeatSearchableTest" assertions="5" time="0.016092"/>
        <testcase name="it_defines_searchable_relationships" file="/var/www/html/tests/Unit/Models/FeatSearchableTest.php" line="44" class="Tests\Unit\Models\FeatSearchableTest" classname="Tests.Unit.Models.FeatSearchableTest" assertions="2" time="0.009448"/>
        <testcase name="it_uses_correct_search_index_name" file="/var/www/html/tests/Unit/Models/FeatSearchableTest.php" line="53" class="Tests\Unit\Models\FeatSearchableTest" classname="Tests.Unit.Models.FeatSearchableTest" assertions="1" time="0.008890"/>
      </testsuite>
      <testsuite name="Tests\Unit\Models\ItemSearchableTest" file="/var/www/html/tests/Unit/Models/ItemSearchableTest.php" tests="3" assertions="15" errors="0" failures="0" skipped="0" time="0.032650">
        <testcase name="it_returns_searchable_array_with_denormalized_data" file="/var/www/html/tests/Unit/Models/ItemSearchableTest.php" line="17" class="Tests\Unit\Models\ItemSearchableTest" classname="Tests.Unit.Models.ItemSearchableTest" assertions="10" time="0.013882"/>
        <testcase name="it_defines_searchable_relationships" file="/var/www/html/tests/Unit/Models/ItemSearchableTest.php" line="67" class="Tests\Unit\Models\ItemSearchableTest" classname="Tests.Unit.Models.ItemSearchableTest" assertions="4" time="0.008016"/>
        <testcase name="it_uses_correct_search_index_name" file="/var/www/html/tests/Unit/Models/ItemSearchableTest.php" line="78" class="Tests\Unit\Models\ItemSearchableTest" classname="Tests.Unit.Models.ItemSearchableTest" assertions="1" time="0.010752"/>
      </testsuite>
      <testsuite name="Tests\Unit\Models\RaceSearchableTest" file="/var/www/html/tests/Unit/Models/RaceSearchableTest.php" tests="3" assertions="11" errors="0" failures="0" skipped="0" time="0.033480">
        <testcase name="it_returns_searchable_array_with_denormalized_data" file="/var/www/html/tests/Unit/Models/RaceSearchableTest.php" line="17" class="Tests\Unit\Models\RaceSearchableTest" classname="Tests.Unit.Models.RaceSearchableTest" assertions="6" time="0.014512"/>
        <testcase name="it_defines_searchable_relationships" file="/var/www/html/tests/Unit/Models/RaceSearchableTest.php" line="48" class="Tests\Unit\Models\RaceSearchableTest" classname="Tests.Unit.Models.RaceSearchableTest" assertions="4" time="0.009498"/>
        <testcase name="it_uses_correct_search_index_name" file="/var/www/html/tests/Unit/Models/RaceSearchableTest.php" line="59" class="Tests\Unit\Models\RaceSearchableTest" classname="Tests.Unit.Models.RaceSearchableTest" assertions="1" time="0.009470"/>
      </testsuite>
      <testsuite name="Tests\Unit\Models\SourceTest" file="/var/www/html/tests/Unit/Models/SourceTest.php" tests="3" assertions="3" errors="0" failures="0" skipped="0" time="0.025185">
        <testcase name="test_source_model_exists" file="/var/www/html/tests/Unit/Models/SourceTest.php" line="10" class="Tests\Unit\Models\SourceTest" classname="Tests.Unit.Models.SourceTest" assertions="1" time="0.009412"/>
        <testcase name="test_source_does_not_use_timestamps" file="/var/www/html/tests/Unit/Models/SourceTest.php" line="16" class="Tests\Unit\Models\SourceTest" classname="Tests.Unit.Models.SourceTest" assertions="1" time="0.007582"/>
        <testcase name="test_source_has_fillable_attributes" file="/var/www/html/tests/Unit/Models/SourceTest.php" line="22" class="Tests\Unit\Models\SourceTest" classname="Tests.Unit.Models.SourceTest" assertions="1" time="0.008191"/>
      </testsuite>
      <testsuite name="Tests\Unit\Models\SpellSearchableTest" file="/var/www/html/tests/Unit/Models/SpellSearchableTest.php" tests="3" assertions="15" errors="0" failures="0" skipped="0" time="0.032669">
        <testcase name="it_returns_searchable_array_with_denormalized_data" file="/var/www/html/tests/Unit/Models/SpellSearchableTest.php" line="17" class="Tests\Unit\Models\SpellSearchableTest" classname="Tests.Unit.Models.SpellSearchableTest" assertions="10" time="0.014037"/>
        <testcase name="it_defines_searchable_relationships" file="/var/www/html/tests/Unit/Models/SpellSearchableTest.php" line="65" class="Tests\Unit\Models\SpellSearchableTest" classname="Tests.Unit.Models.SpellSearchableTest" assertions="4" time="0.009380"/>
        <testcase name="it_uses_correct_search_index_name" file="/var/www/html/tests/Unit/Models/SpellSearchableTest.php" line="76" class="Tests\Unit\Models\SpellSearchableTest" classname="Tests.Unit.Models.SpellSearchableTest" assertions="1" time="0.009252"/>
      </testsuite>
      <testsuite name="Tests\Unit\Models\SpellTest" file="/var/www/html/tests/Unit/Models/SpellTest.php" tests="3" assertions="3" errors="0" failures="0" skipped="0" time="0.025293">
        <testcase name="test_spell_belongs_to_spell_school" file="/var/www/html/tests/Unit/Models/SpellTest.php" line="10" class="Tests\Unit\Models\SpellTest" classname="Tests.Unit.Models.SpellTest" assertions="1" time="0.008746"/>
        <testcase name="test_spell_has_many_sources" file="/var/www/html/tests/Unit/Models/SpellTest.php" line="16" class="Tests\Unit\Models\SpellTest" classname="Tests.Unit.Models.SpellTest" assertions="1" time="0.008538"/>
        <testcase name="test_spell_does_not_use_timestamps" file="/var/www/html/tests/Unit/Models/SpellTest.php" line="22" class="Tests\Unit\Models\SpellTest" classname="Tests.Unit.Models.SpellTest" assertions="1" time="0.008009"/>
      </testsuite>
      <testsuite name="Tests\Unit\Parsers\BackgroundXmlParserTest" file="/var/www/html/tests/Unit/Parsers/BackgroundXmlParserTest.php" tests="17" assertions="67" errors="0" failures="0" skipped="0" time="0.147662">
        <testcase name="it_parses_basic_background_data" file="/var/www/html/tests/Unit/Parsers/BackgroundXmlParserTest.php" line="20" class="Tests\Unit\Parsers\BackgroundXmlParserTest" classname="Tests.Unit.Parsers.BackgroundXmlParserTest" assertions="2" time="0.011518"/>
        <testcase name="it_parses_proficiencies_from_comma_separated_list" file="/var/www/html/tests/Unit/Parsers/BackgroundXmlParserTest.php" line="45" class="Tests\Unit\Parsers\BackgroundXmlParserTest" classname="Tests.Unit.Parsers.BackgroundXmlParserTest" assertions="4" time="0.008761"/>
        <testcase name="it_parses_multiple_traits" file="/var/www/html/tests/Unit/Parsers/BackgroundXmlParserTest.php" line="67" class="Tests\Unit\Parsers\BackgroundXmlParserTest" classname="Tests.Unit.Parsers.BackgroundXmlParserTest" assertions="5" time="0.008541"/>
        <testcase name="it_extracts_source_from_trait_text" file="/var/www/html/tests/Unit/Parsers/BackgroundXmlParserTest.php" line="101" class="Tests\Unit\Parsers\BackgroundXmlParserTest" classname="Tests.Unit.Parsers.BackgroundXmlParserTest" assertions="3" time="0.008091"/>
        <testcase name="it_handles_tool_proficiencies" file="/var/www/html/tests/Unit/Parsers/BackgroundXmlParserTest.php" line="127" class="Tests\Unit\Parsers\BackgroundXmlParserTest" classname="Tests.Unit.Parsers.BackgroundXmlParserTest" assertions="3" time="0.008184"/>
        <testcase name="it_parses_roll_elements_from_characteristics_trait" file="/var/www/html/tests/Unit/Parsers/BackgroundXmlParserTest.php" line="149" class="Tests\Unit\Parsers\BackgroundXmlParserTest" classname="Tests.Unit.Parsers.BackgroundXmlParserTest" assertions="3" time="0.008546"/>
        <testcase name="it_parses_language_choice_from_trait_text" file="/var/www/html/tests/Unit/Parsers/BackgroundXmlParserTest.php" line="178" class="Tests\Unit\Parsers\BackgroundXmlParserTest" classname="Tests.Unit.Parsers.BackgroundXmlParserTest" assertions="5" time="0.010838"/>
        <testcase name="it_parses_specific_language_from_trait_text" file="/var/www/html/tests/Unit/Parsers/BackgroundXmlParserTest.php" line="207" class="Tests\Unit\Parsers\BackgroundXmlParserTest" classname="Tests.Unit.Parsers.BackgroundXmlParserTest" assertions="1" time="0.008780"/>
        <testcase name="it_returns_empty_array_when_no_languages_found" file="/var/www/html/tests/Unit/Parsers/BackgroundXmlParserTest.php" line="237" class="Tests\Unit\Parsers\BackgroundXmlParserTest" classname="Tests.Unit.Parsers.BackgroundXmlParserTest" assertions="2" time="0.008625"/>
        <testcase name="it_parses_tool_proficiency_choice_from_trait_text" file="/var/www/html/tests/Unit/Parsers/BackgroundXmlParserTest.php" line="260" class="Tests\Unit\Parsers\BackgroundXmlParserTest" classname="Tests.Unit.Parsers.BackgroundXmlParserTest" assertions="5" time="0.008042"/>
        <testcase name="it_parses_specific_tool_proficiency_from_trait_text" file="/var/www/html/tests/Unit/Parsers/BackgroundXmlParserTest.php" line="293" class="Tests\Unit\Parsers\BackgroundXmlParserTest" classname="Tests.Unit.Parsers.BackgroundXmlParserTest" assertions="4" time="0.008193"/>
        <testcase name="it_merges_xml_and_trait_text_proficiencies" file="/var/www/html/tests/Unit/Parsers/BackgroundXmlParserTest.php" line="326" class="Tests\Unit\Parsers\BackgroundXmlParserTest" classname="Tests.Unit.Parsers.BackgroundXmlParserTest" assertions="3" time="0.007989"/>
        <testcase name="it_parses_equipment_from_trait_text" file="/var/www/html/tests/Unit/Parsers/BackgroundXmlParserTest.php" line="357" class="Tests\Unit\Parsers\BackgroundXmlParserTest" classname="Tests.Unit.Parsers.BackgroundXmlParserTest" assertions="5" time="0.008340"/>
        <testcase name="it_parses_equipment_with_quantities" file="/var/www/html/tests/Unit/Parsers/BackgroundXmlParserTest.php" line="387" class="Tests\Unit\Parsers\BackgroundXmlParserTest" classname="Tests.Unit.Parsers.BackgroundXmlParserTest" assertions="7" time="0.008507"/>
        <testcase name="it_returns_empty_array_when_no_equipment_found" file="/var/www/html/tests/Unit/Parsers/BackgroundXmlParserTest.php" line="422" class="Tests\Unit\Parsers\BackgroundXmlParserTest" classname="Tests.Unit.Parsers.BackgroundXmlParserTest" assertions="2" time="0.008466"/>
        <testcase name="it_parses_all_embedded_random_tables_from_all_traits" file="/var/www/html/tests/Unit/Parsers/BackgroundXmlParserTest.php" line="445" class="Tests\Unit\Parsers\BackgroundXmlParserTest" classname="Tests.Unit.Parsers.BackgroundXmlParserTest" assertions="11" time="0.008288"/>
        <testcase name="it_returns_empty_array_when_no_tables_found" file="/var/www/html/tests/Unit/Parsers/BackgroundXmlParserTest.php" line="496" class="Tests\Unit\Parsers\BackgroundXmlParserTest" classname="Tests.Unit.Parsers.BackgroundXmlParserTest" assertions="2" time="0.007952"/>
      </testsuite>
      <testsuite name="Tests\Unit\Parsers\ClassXmlParserProficiencyChoicesTest" file="/var/www/html/tests/Unit/Parsers/ClassXmlParserProficiencyChoicesTest.php" tests="3" assertions="40" errors="0" failures="0" skipped="0" time="0.030967">
        <testcase name="it_marks_skills_as_choices_when_num_skills_present" file="/var/www/html/tests/Unit/Parsers/ClassXmlParserProficiencyChoicesTest.php" line="12" class="Tests\Unit\Parsers\ClassXmlParserProficiencyChoicesTest" classname="Tests.Unit.Parsers.ClassXmlParserProficiencyChoicesTest" assertions="13" time="0.014532"/>
        <testcase name="it_does_not_mark_skills_as_choices_when_num_skills_absent" file="/var/www/html/tests/Unit/Parsers/ClassXmlParserProficiencyChoicesTest.php" line="54" class="Tests\Unit\Parsers\ClassXmlParserProficiencyChoicesTest" classname="Tests.Unit.Parsers.ClassXmlParserProficiencyChoicesTest" assertions="22" time="0.008247"/>
        <testcase name="it_handles_class_without_num_skills" file="/var/www/html/tests/Unit/Parsers/ClassXmlParserProficiencyChoicesTest.php" line="84" class="Tests\Unit\Parsers\ClassXmlParserProficiencyChoicesTest" classname="Tests.Unit.Parsers.ClassXmlParserProficiencyChoicesTest" assertions="5" time="0.008188"/>
      </testsuite>
      <testsuite name="Tests\Unit\Parsers\ClassXmlParserSpellsKnownTest" file="/var/www/html/tests/Unit/Parsers/ClassXmlParserSpellsKnownTest.php" tests="3" assertions="12" errors="0" failures="0" skipped="0" time="0.025391">
        <testcase name="it_parses_spells_known_into_spell_progression" file="/var/www/html/tests/Unit/Parsers/ClassXmlParserSpellsKnownTest.php" line="11" class="Tests\Unit\Parsers\ClassXmlParserSpellsKnownTest" classname="Tests.Unit.Parsers.ClassXmlParserSpellsKnownTest" assertions="6" time="0.009207"/>
        <testcase name="it_does_not_include_spells_known_in_counters" file="/var/www/html/tests/Unit/Parsers/ClassXmlParserSpellsKnownTest.php" line="53" class="Tests\Unit\Parsers\ClassXmlParserSpellsKnownTest" classname="Tests.Unit.Parsers.ClassXmlParserSpellsKnownTest" assertions="2" time="0.008202"/>
        <testcase name="it_handles_spells_known_without_slots" file="/var/www/html/tests/Unit/Parsers/ClassXmlParserSpellsKnownTest.php" line="85" class="Tests\Unit\Parsers\ClassXmlParserSpellsKnownTest" classname="Tests.Unit.Parsers.ClassXmlParserSpellsKnownTest" assertions="4" time="0.007982"/>
      </testsuite>
      <testsuite name="Tests\Unit\Parsers\ClassXmlParserTest" file="/var/www/html/tests/Unit/Parsers/ClassXmlParserTest.php" tests="7" assertions="70" errors="0" failures="0" skipped="0" time="0.072554">
        <testcase name="it_parses_fighter_base_class" file="/var/www/html/tests/Unit/Parsers/ClassXmlParserTest.php" line="25" class="Tests\Unit\Parsers\ClassXmlParserTest" classname="Tests.Unit.Parsers.ClassXmlParserTest" assertions="9" time="0.012373"/>
        <testcase name="it_parses_fighter_proficiencies" file="/var/www/html/tests/Unit/Parsers/ClassXmlParserTest.php" line="54" class="Tests\Unit\Parsers\ClassXmlParserTest" classname="Tests.Unit.Parsers.ClassXmlParserTest" assertions="10" time="0.010493"/>
        <testcase name="it_parses_fighter_traits" file="/var/www/html/tests/Unit/Parsers/ClassXmlParserTest.php" line="88" class="Tests\Unit\Parsers\ClassXmlParserTest" classname="Tests.Unit.Parsers.ClassXmlParserTest" assertions="11" time="0.010008"/>
        <testcase name="it_parses_fighter_features_from_autolevel" file="/var/www/html/tests/Unit/Parsers/ClassXmlParserTest.php" line="124" class="Tests\Unit\Parsers\ClassXmlParserTest" classname="Tests.Unit.Parsers.ClassXmlParserTest" assertions="11" time="0.010127"/>
        <testcase name="it_parses_fighter_spell_slots_for_eldritch_knight" file="/var/www/html/tests/Unit/Parsers/ClassXmlParserTest.php" line="165" class="Tests\Unit\Parsers\ClassXmlParserTest" classname="Tests.Unit.Parsers.ClassXmlParserTest" assertions="8" time="0.009897"/>
        <testcase name="it_parses_fighter_counters" file="/var/www/html/tests/Unit/Parsers/ClassXmlParserTest.php" line="198" class="Tests\Unit\Parsers\ClassXmlParserTest" classname="Tests.Unit.Parsers.ClassXmlParserTest" assertions="12" time="0.009768"/>
        <testcase name="it_detects_fighter_subclasses" file="/var/www/html/tests/Unit/Parsers/ClassXmlParserTest.php" line="236" class="Tests\Unit\Parsers\ClassXmlParserTest" classname="Tests.Unit.Parsers.ClassXmlParserTest" assertions="9" time="0.009887"/>
      </testsuite>
      <testsuite name="Tests\Unit\Parsers\Concerns\ConvertsWordNumbersTest" file="/var/www/html/tests/Unit/Parsers/Concerns/ConvertsWordNumbersTest.php" tests="5" assertions="16" errors="0" failures="0" skipped="0" time="0.044724">
        <testcase name="it_converts_basic_number_words" file="/var/www/html/tests/Unit/Parsers/Concerns/ConvertsWordNumbersTest.php" line="14" class="Tests\Unit\Parsers\Concerns\ConvertsWordNumbersTest" classname="Tests.Unit.Parsers.Concerns.ConvertsWordNumbersTest" assertions="8" time="0.010216"/>
        <testcase name="it_is_case_insensitive" file="/var/www/html/tests/Unit/Parsers/Concerns/ConvertsWordNumbersTest.php" line="27" class="Tests\Unit\Parsers\Concerns\ConvertsWordNumbersTest" classname="Tests.Unit.Parsers.Concerns.ConvertsWordNumbersTest" assertions="3" time="0.007798"/>
        <testcase name="it_returns_default_for_unknown_words" file="/var/www/html/tests/Unit/Parsers/Concerns/ConvertsWordNumbersTest.php" line="35" class="Tests\Unit\Parsers\Concerns\ConvertsWordNumbersTest" classname="Tests.Unit.Parsers.Concerns.ConvertsWordNumbersTest" assertions="2" time="0.008101"/>
        <testcase name="it_can_use_custom_default" file="/var/www/html/tests/Unit/Parsers/Concerns/ConvertsWordNumbersTest.php" line="42" class="Tests\Unit\Parsers\Concerns\ConvertsWordNumbersTest" classname="Tests.Unit.Parsers.Concerns.ConvertsWordNumbersTest" assertions="2" time="0.008118"/>
        <testcase name="it_handles_numeric_strings" file="/var/www/html/tests/Unit/Parsers/Concerns/ConvertsWordNumbersTest.php" line="49" class="Tests\Unit\Parsers\Concerns\ConvertsWordNumbersTest" classname="Tests.Unit.Parsers.Concerns.ConvertsWordNumbersTest" assertions="1" time="0.010492"/>
      </testsuite>
      <testsuite name="Tests\Unit\Parsers\Concerns\LookupsGameEntitiesTest" file="/var/www/html/tests/Unit/Parsers/Concerns/LookupsGameEntitiesTest.php" tests="6" assertions="10" errors="0" failures="0" skipped="0" time="0.053152">
        <testcase name="it_looks_up_skill_by_exact_name" file="/var/www/html/tests/Unit/Parsers/Concerns/LookupsGameEntitiesTest.php" line="41" class="Tests\Unit\Parsers\Concerns\LookupsGameEntitiesTest" classname="Tests.Unit.Parsers.Concerns.LookupsGameEntitiesTest" assertions="2" time="0.011233"/>
        <testcase name="it_is_case_insensitive_for_skills" file="/var/www/html/tests/Unit/Parsers/Concerns/LookupsGameEntitiesTest.php" line="49" class="Tests\Unit\Parsers\Concerns\LookupsGameEntitiesTest" classname="Tests.Unit.Parsers.Concerns.LookupsGameEntitiesTest" assertions="2" time="0.008288"/>
        <testcase name="it_returns_null_for_unknown_skill" file="/var/www/html/tests/Unit/Parsers/Concerns/LookupsGameEntitiesTest.php" line="57" class="Tests\Unit\Parsers\Concerns\LookupsGameEntitiesTest" classname="Tests.Unit.Parsers.Concerns.LookupsGameEntitiesTest" assertions="1" time="0.008095"/>
        <testcase name="it_looks_up_ability_score_by_name" file="/var/www/html/tests/Unit/Parsers/Concerns/LookupsGameEntitiesTest.php" line="64" class="Tests\Unit\Parsers\Concerns\LookupsGameEntitiesTest" classname="Tests.Unit.Parsers.Concerns.LookupsGameEntitiesTest" assertions="2" time="0.008596"/>
        <testcase name="it_looks_up_ability_score_by_code" file="/var/www/html/tests/Unit/Parsers/Concerns/LookupsGameEntitiesTest.php" line="72" class="Tests\Unit\Parsers\Concerns\LookupsGameEntitiesTest" classname="Tests.Unit.Parsers.Concerns.LookupsGameEntitiesTest" assertions="2" time="0.008444"/>
        <testcase name="it_caches_lookups_for_performance" file="/var/www/html/tests/Unit/Parsers/Concerns/LookupsGameEntitiesTest.php" line="80" class="Tests\Unit\Parsers\Concerns\LookupsGameEntitiesTest" classname="Tests.Unit.Parsers.Concerns.LookupsGameEntitiesTest" assertions="1" time="0.008496"/>
      </testsuite>
      <testsuite name="Tests\Unit\Parsers\Concerns\MapsAbilityCodesTest" file="/var/www/html/tests/Unit/Parsers/Concerns/MapsAbilityCodesTest.php" tests="4" assertions="13" errors="0" failures="0" skipped="0" time="0.035637">
        <testcase name="it_maps_full_ability_names_to_codes" file="/var/www/html/tests/Unit/Parsers/Concerns/MapsAbilityCodesTest.php" line="14" class="Tests\Unit\Parsers\Concerns\MapsAbilityCodesTest" classname="Tests.Unit.Parsers.Concerns.MapsAbilityCodesTest" assertions="6" time="0.011405"/>
        <testcase name="it_is_case_insensitive" file="/var/www/html/tests/Unit/Parsers/Concerns/MapsAbilityCodesTest.php" line="25" class="Tests\Unit\Parsers\Concerns\MapsAbilityCodesTest" classname="Tests.Unit.Parsers.Concerns.MapsAbilityCodesTest" assertions="3" time="0.008358"/>
        <testcase name="it_handles_abbreviated_input" file="/var/www/html/tests/Unit/Parsers/Concerns/MapsAbilityCodesTest.php" line="33" class="Tests\Unit\Parsers\Concerns\MapsAbilityCodesTest" classname="Tests.Unit.Parsers.Concerns.MapsAbilityCodesTest" assertions="2" time="0.007858"/>
        <testcase name="it_falls_back_to_first_three_letters_for_unknown" file="/var/www/html/tests/Unit/Parsers/Concerns/MapsAbilityCodesTest.php" line="40" class="Tests\Unit\Parsers\Concerns\MapsAbilityCodesTest" classname="Tests.Unit.Parsers.Concerns.MapsAbilityCodesTest" assertions="2" time="0.008017"/>
      </testsuite>
      <testsuite name="Tests\Unit\Parsers\Concerns\MatchesProficiencyTypesTest" file="/var/www/html/tests/Unit/Parsers/Concerns/MatchesProficiencyTypesTest.php" tests="4" assertions="12" errors="0" failures="0" skipped="0" time="0.035283">
        <testcase name="it_infers_armor_type_from_name" file="/var/www/html/tests/Unit/Parsers/Concerns/MatchesProficiencyTypesTest.php" line="15" class="Tests\Unit\Parsers\Concerns\MatchesProficiencyTypesTest" classname="Tests.Unit.Parsers.Concerns.MatchesProficiencyTypesTest" assertions="3" time="0.010212"/>
        <testcase name="it_infers_weapon_type_from_name" file="/var/www/html/tests/Unit/Parsers/Concerns/MatchesProficiencyTypesTest.php" line="23" class="Tests\Unit\Parsers\Concerns\MatchesProficiencyTypesTest" classname="Tests.Unit.Parsers.Concerns.MatchesProficiencyTypesTest" assertions="3" time="0.008893"/>
        <testcase name="it_infers_tool_type_from_name" file="/var/www/html/tests/Unit/Parsers/Concerns/MatchesProficiencyTypesTest.php" line="31" class="Tests\Unit\Parsers\Concerns\MatchesProficiencyTypesTest" classname="Tests.Unit.Parsers.Concerns.MatchesProficiencyTypesTest" assertions="4" time="0.008048"/>
        <testcase name="it_defaults_to_skill_for_unknown_types" file="/var/www/html/tests/Unit/Parsers/Concerns/MatchesProficiencyTypesTest.php" line="40" class="Tests\Unit\Parsers\Concerns\MatchesProficiencyTypesTest" classname="Tests.Unit.Parsers.Concerns.MatchesProficiencyTypesTest" assertions="2" time="0.008130"/>
      </testsuite>
      <testsuite name="Tests\Unit\Parsers\Concerns\ParsesRollsTest" file="/var/www/html/tests/Unit/Parsers/Concerns/ParsesRollsTest.php" tests="6" assertions="15" errors="0" failures="0" skipped="0" time="0.048760">
        <testcase name="it_parses_basic_roll_with_formula" file="/var/www/html/tests/Unit/Parsers/Concerns/ParsesRollsTest.php" line="15" class="Tests\Unit\Parsers\Concerns\ParsesRollsTest" classname="Tests.Unit.Parsers.Concerns.ParsesRollsTest" assertions="4" time="0.009307"/>
        <testcase name="it_parses_roll_with_description_attribute" file="/var/www/html/tests/Unit/Parsers/Concerns/ParsesRollsTest.php" line="33" class="Tests\Unit\Parsers\Concerns\ParsesRollsTest" classname="Tests.Unit.Parsers.Concerns.ParsesRollsTest" assertions="2" time="0.007936"/>
        <testcase name="it_parses_roll_with_level_attribute" file="/var/www/html/tests/Unit/Parsers/Concerns/ParsesRollsTest.php" line="49" class="Tests\Unit\Parsers\Concerns\ParsesRollsTest" classname="Tests.Unit.Parsers.Concerns.ParsesRollsTest" assertions="1" time="0.008003"/>
        <testcase name="it_parses_multiple_rolls" file="/var/www/html/tests/Unit/Parsers/Concerns/ParsesRollsTest.php" line="64" class="Tests\Unit\Parsers\Concerns\ParsesRollsTest" classname="Tests.Unit.Parsers.Concerns.ParsesRollsTest" assertions="4" time="0.007710"/>
        <testcase name="it_returns_empty_array_when_no_rolls" file="/var/www/html/tests/Unit/Parsers/Concerns/ParsesRollsTest.php" line="84" class="Tests\Unit\Parsers\Concerns\ParsesRollsTest" classname="Tests.Unit.Parsers.Concerns.ParsesRollsTest" assertions="1" time="0.007630"/>
        <testcase name="it_handles_complex_dice_formulas" file="/var/www/html/tests/Unit/Parsers/Concerns/ParsesRollsTest.php" line="99" class="Tests\Unit\Parsers\Concerns\ParsesRollsTest" classname="Tests.Unit.Parsers.Concerns.ParsesRollsTest" assertions="3" time="0.008173"/>
      </testsuite>
      <testsuite name="Tests\Unit\Parsers\Concerns\ParsesTraitsTest" file="/var/www/html/tests/Unit/Parsers/Concerns/ParsesTraitsTest.php" tests="6" assertions="17" errors="0" failures="0" skipped="0" time="0.048291">
        <testcase name="it_parses_basic_trait_with_name_and_description" file="/var/www/html/tests/Unit/Parsers/Concerns/ParsesTraitsTest.php" line="15" class="Tests\Unit\Parsers\Concerns\ParsesTraitsTest" classname="Tests.Unit.Parsers.Concerns.ParsesTraitsTest" assertions="5" time="0.010057"/>
        <testcase name="it_parses_trait_with_category" file="/var/www/html/tests/Unit/Parsers/Concerns/ParsesTraitsTest.php" line="37" class="Tests\Unit\Parsers\Concerns\ParsesTraitsTest" classname="Tests.Unit.Parsers.Concerns.ParsesTraitsTest" assertions="1" time="0.007890"/>
        <testcase name="it_parses_multiple_traits_with_sort_order" file="/var/www/html/tests/Unit/Parsers/Concerns/ParsesTraitsTest.php" line="55" class="Tests\Unit\Parsers\Concerns\ParsesTraitsTest" classname="Tests.Unit.Parsers.Concerns.ParsesTraitsTest" assertions="4" time="0.007669"/>
        <testcase name="it_parses_traits_with_embedded_rolls" file="/var/www/html/tests/Unit/Parsers/Concerns/ParsesTraitsTest.php" line="75" class="Tests\Unit\Parsers\Concerns\ParsesTraitsTest" classname="Tests.Unit.Parsers.Concerns.ParsesTraitsTest" assertions="5" time="0.007724"/>
        <testcase name="it_handles_traits_without_rolls" file="/var/www/html/tests/Unit/Parsers/Concerns/ParsesTraitsTest.php" line="100" class="Tests\Unit\Parsers\Concerns\ParsesTraitsTest" classname="Tests.Unit.Parsers.Concerns.ParsesTraitsTest" assertions="1" time="0.007603"/>
        <testcase name="it_trims_whitespace_from_descriptions" file="/var/www/html/tests/Unit/Parsers/Concerns/ParsesTraitsTest.php" line="118" class="Tests\Unit\Parsers\Concerns\ParsesTraitsTest" classname="Tests.Unit.Parsers.Concerns.ParsesTraitsTest" assertions="1" time="0.007348"/>
      </testsuite>
      <testsuite name="Tests\Unit\Parsers\FeatXmlParserPrerequisitesTest" file="/var/www/html/tests/Unit/Parsers/FeatXmlParserPrerequisitesTest.php" tests="19" assertions="196" errors="0" failures="0" skipped="0" time="0.195884">
        <testcase name="it_parses_single_ability_score_prerequisite" file="/var/www/html/tests/Unit/Parsers/FeatXmlParserPrerequisitesTest.php" line="29" class="Tests\Unit\Parsers\FeatXmlParserPrerequisitesTest" classname="Tests.Unit.Parsers.FeatXmlParserPrerequisitesTest" assertions="5" time="0.013485"/>
        <testcase name="it_parses_dual_ability_score_prerequisite" file="/var/www/html/tests/Unit/Parsers/FeatXmlParserPrerequisitesTest.php" line="42" class="Tests\Unit\Parsers\FeatXmlParserPrerequisitesTest" classname="Tests.Unit.Parsers.FeatXmlParserPrerequisitesTest" assertions="7" time="0.008488"/>
        <testcase name="it_parses_strength_prerequisite" file="/var/www/html/tests/Unit/Parsers/FeatXmlParserPrerequisitesTest.php" line="63" class="Tests\Unit\Parsers\FeatXmlParserPrerequisitesTest" classname="Tests.Unit.Parsers.FeatXmlParserPrerequisitesTest" assertions="5" time="0.007987"/>
        <testcase name="it_parses_single_race_prerequisite" file="/var/www/html/tests/Unit/Parsers/FeatXmlParserPrerequisitesTest.php" line="79" class="Tests\Unit\Parsers\FeatXmlParserPrerequisitesTest" classname="Tests.Unit.Parsers.FeatXmlParserPrerequisitesTest" assertions="4" time="0.012399"/>
        <testcase name="it_parses_multiple_races_prerequisite" file="/var/www/html/tests/Unit/Parsers/FeatXmlParserPrerequisitesTest.php" line="93" class="Tests\Unit\Parsers\FeatXmlParserPrerequisitesTest" classname="Tests.Unit.Parsers.FeatXmlParserPrerequisitesTest" assertions="10" time="0.016169"/>
        <testcase name="it_parses_proficiency_prerequisite" file="/var/www/html/tests/Unit/Parsers/FeatXmlParserPrerequisitesTest.php" line="117" class="Tests\Unit\Parsers\FeatXmlParserPrerequisitesTest" classname="Tests.Unit.Parsers.FeatXmlParserPrerequisitesTest" assertions="4" time="0.010994"/>
        <testcase name="it_parses_heavy_armor_proficiency_prerequisite" file="/var/www/html/tests/Unit/Parsers/FeatXmlParserPrerequisitesTest.php" line="129" class="Tests\Unit\Parsers\FeatXmlParserPrerequisitesTest" classname="Tests.Unit.Parsers.FeatXmlParserPrerequisitesTest" assertions="4" time="0.010391"/>
        <testcase name="it_parses_light_armor_proficiency_prerequisite" file="/var/www/html/tests/Unit/Parsers/FeatXmlParserPrerequisitesTest.php" line="143" class="Tests\Unit\Parsers\FeatXmlParserPrerequisitesTest" classname="Tests.Unit.Parsers.FeatXmlParserPrerequisitesTest" assertions="3" time="0.009252"/>
        <testcase name="it_parses_spellcasting_feature_as_freeform" file="/var/www/html/tests/Unit/Parsers/FeatXmlParserPrerequisitesTest.php" line="154" class="Tests\Unit\Parsers\FeatXmlParserPrerequisitesTest" classname="Tests.Unit.Parsers.FeatXmlParserPrerequisitesTest" assertions="5" time="0.008352"/>
        <testcase name="it_parses_pact_magic_feature_as_freeform" file="/var/www/html/tests/Unit/Parsers/FeatXmlParserPrerequisitesTest.php" line="167" class="Tests\Unit\Parsers\FeatXmlParserPrerequisitesTest" classname="Tests.Unit.Parsers.FeatXmlParserPrerequisitesTest" assertions="4" time="0.008147"/>
        <testcase name="it_parses_complex_and_or_prerequisite" file="/var/www/html/tests/Unit/Parsers/FeatXmlParserPrerequisitesTest.php" line="179" class="Tests\Unit\Parsers\FeatXmlParserPrerequisitesTest" classname="Tests.Unit.Parsers.FeatXmlParserPrerequisitesTest" assertions="10" time="0.014608"/>
        <testcase name="it_handles_empty_prerequisite" file="/var/www/html/tests/Unit/Parsers/FeatXmlParserPrerequisitesTest.php" line="220" class="Tests\Unit\Parsers\FeatXmlParserPrerequisitesTest" classname="Tests.Unit.Parsers.FeatXmlParserPrerequisitesTest" assertions="1" time="0.008507"/>
        <testcase name="it_handles_null_prerequisite" file="/var/www/html/tests/Unit/Parsers/FeatXmlParserPrerequisitesTest.php" line="228" class="Tests\Unit\Parsers\FeatXmlParserPrerequisitesTest" classname="Tests.Unit.Parsers.FeatXmlParserPrerequisitesTest" assertions="1" time="0.006848"/>
        <testcase name="it_parses_charisma_prerequisite" file="/var/www/html/tests/Unit/Parsers/FeatXmlParserPrerequisitesTest.php" line="236" class="Tests\Unit\Parsers\FeatXmlParserPrerequisitesTest" classname="Tests.Unit.Parsers.FeatXmlParserPrerequisitesTest" assertions="5" time="0.008355"/>
        <testcase name="it_parses_dragonborn_prerequisite" file="/var/www/html/tests/Unit/Parsers/FeatXmlParserPrerequisitesTest.php" line="252" class="Tests\Unit\Parsers\FeatXmlParserPrerequisitesTest" classname="Tests.Unit.Parsers.FeatXmlParserPrerequisitesTest" assertions="3" time="0.011397"/>
        <testcase name="it_parses_races_with_skill_suffix" file="/var/www/html/tests/Unit/Parsers/FeatXmlParserPrerequisitesTest.php" line="267" class="Tests\Unit\Parsers\FeatXmlParserPrerequisitesTest" classname="Tests.Unit.Parsers.FeatXmlParserPrerequisitesTest" assertions="9" time="0.015078"/>
        <testcase name="it_parses_martial_weapon_proficiency" file="/var/www/html/tests/Unit/Parsers/FeatXmlParserPrerequisitesTest.php" line="305" class="Tests\Unit\Parsers\FeatXmlParserPrerequisitesTest" classname="Tests.Unit.Parsers.FeatXmlParserPrerequisitesTest" assertions="28" time="0.009356"/>
        <testcase name="it_expands_martial_weapons_to_include_all_individual_weapons" file="/var/www/html/tests/Unit/Parsers/FeatXmlParserPrerequisitesTest.php" line="327" class="Tests\Unit\Parsers\FeatXmlParserPrerequisitesTest" classname="Tests.Unit.Parsers.FeatXmlParserPrerequisitesTest" assertions="54" time="0.007630"/>
        <testcase name="it_expands_simple_weapons_to_include_all_individual_weapons" file="/var/www/html/tests/Unit/Parsers/FeatXmlParserPrerequisitesTest.php" line="373" class="Tests\Unit\Parsers\FeatXmlParserPrerequisitesTest" classname="Tests.Unit.Parsers.FeatXmlParserPrerequisitesTest" assertions="34" time="0.008438"/>
      </testsuite>
      <testsuite name="Tests\Unit\Parsers\FeatXmlParserTest" file="/var/www/html/tests/Unit/Parsers/FeatXmlParserTest.php" tests="18" assertions="84" errors="0" failures="0" skipped="0" time="0.159604">
        <testcase name="it_parses_basic_feat_data" file="/var/www/html/tests/Unit/Parsers/FeatXmlParserTest.php" line="20" class="Tests\Unit\Parsers\FeatXmlParserTest" classname="Tests.Unit.Parsers.FeatXmlParserTest" assertions="5" time="0.014201"/>
        <testcase name="it_parses_feat_with_prerequisites" file="/var/www/html/tests/Unit/Parsers/FeatXmlParserTest.php" line="50" class="Tests\Unit\Parsers\FeatXmlParserTest" classname="Tests.Unit.Parsers.FeatXmlParserTest" assertions="3" time="0.008281"/>
        <testcase name="it_parses_multiple_feats" file="/var/www/html/tests/Unit/Parsers/FeatXmlParserTest.php" line="73" class="Tests\Unit\Parsers\FeatXmlParserTest" classname="Tests.Unit.Parsers.FeatXmlParserTest" assertions="3" time="0.008390"/>
        <testcase name="it_extracts_and_removes_source_citations" file="/var/www/html/tests/Unit/Parsers/FeatXmlParserTest.php" line="101" class="Tests\Unit\Parsers\FeatXmlParserTest" classname="Tests.Unit.Parsers.FeatXmlParserTest" assertions="5" time="0.008649"/>
        <testcase name="it_parses_multiple_source_citations" file="/var/www/html/tests/Unit/Parsers/FeatXmlParserTest.php" line="130" class="Tests\Unit\Parsers\FeatXmlParserTest" classname="Tests.Unit.Parsers.FeatXmlParserTest" assertions="4" time="0.009119"/>
        <testcase name="it_parses_ability_score_modifiers" file="/var/www/html/tests/Unit/Parsers/FeatXmlParserTest.php" line="153" class="Tests\Unit\Parsers\FeatXmlParserTest" classname="Tests.Unit.Parsers.FeatXmlParserTest" assertions="6" time="0.008299"/>
        <testcase name="it_parses_bonus_modifiers" file="/var/www/html/tests/Unit/Parsers/FeatXmlParserTest.php" line="183" class="Tests\Unit\Parsers\FeatXmlParserTest" classname="Tests.Unit.Parsers.FeatXmlParserTest" assertions="5" time="0.008320"/>
        <testcase name="it_parses_multiple_modifiers" file="/var/www/html/tests/Unit/Parsers/FeatXmlParserTest.php" line="212" class="Tests\Unit\Parsers\FeatXmlParserTest" classname="Tests.Unit.Parsers.FeatXmlParserTest" assertions="3" time="0.008430"/>
        <testcase name="it_parses_specific_proficiencies_from_text" file="/var/www/html/tests/Unit/Parsers/FeatXmlParserTest.php" line="237" class="Tests\Unit\Parsers\FeatXmlParserTest" classname="Tests.Unit.Parsers.FeatXmlParserTest" assertions="6" time="0.011029"/>
        <testcase name="it_parses_choice_based_proficiencies" file="/var/www/html/tests/Unit/Parsers/FeatXmlParserTest.php" line="270" class="Tests\Unit\Parsers\FeatXmlParserTest" classname="Tests.Unit.Parsers.FeatXmlParserTest" assertions="6" time="0.008410"/>
        <testcase name="it_parses_skill_or_tool_choice_proficiencies" file="/var/www/html/tests/Unit/Parsers/FeatXmlParserTest.php" line="302" class="Tests\Unit\Parsers\FeatXmlParserTest" classname="Tests.Unit.Parsers.FeatXmlParserTest" assertions="6" time="0.008485"/>
        <testcase name="it_parses_multiple_specific_proficiencies" file="/var/www/html/tests/Unit/Parsers/FeatXmlParserTest.php" line="329" class="Tests\Unit\Parsers\FeatXmlParserTest" classname="Tests.Unit.Parsers.FeatXmlParserTest" assertions="3" time="0.008026"/>
        <testcase name="it_parses_advantage_on_skill_checks" file="/var/www/html/tests/Unit/Parsers/FeatXmlParserTest.php" line="357" class="Tests\Unit\Parsers\FeatXmlParserTest" classname="Tests.Unit.Parsers.FeatXmlParserTest" assertions="6" time="0.008311"/>
        <testcase name="it_parses_advantage_on_saving_throws" file="/var/www/html/tests/Unit/Parsers/FeatXmlParserTest.php" line="385" class="Tests\Unit\Parsers\FeatXmlParserTest" classname="Tests.Unit.Parsers.FeatXmlParserTest" assertions="5" time="0.008783"/>
        <testcase name="it_parses_disadvantage_prevention" file="/var/www/html/tests/Unit/Parsers/FeatXmlParserTest.php" line="421" class="Tests\Unit\Parsers\FeatXmlParserTest" classname="Tests.Unit.Parsers.FeatXmlParserTest" assertions="6" time="0.008187"/>
        <testcase name="it_parses_speed_modifier_correctly" file="/var/www/html/tests/Unit/Parsers/FeatXmlParserTest.php" line="452" class="Tests\Unit\Parsers\FeatXmlParserTest" classname="Tests.Unit.Parsers.FeatXmlParserTest" assertions="5" time="0.008083"/>
        <testcase name="it_parses_proficiency_xml_elements" file="/var/www/html/tests/Unit/Parsers/FeatXmlParserTest.php" line="483" class="Tests\Unit\Parsers\FeatXmlParserTest" classname="Tests.Unit.Parsers.FeatXmlParserTest" assertions="4" time="0.008166"/>
        <testcase name="it_parses_multiple_proficiency_xml_elements" file="/var/www/html/tests/Unit/Parsers/FeatXmlParserTest.php" line="520" class="Tests\Unit\Parsers\FeatXmlParserTest" classname="Tests.Unit.Parsers.FeatXmlParserTest" assertions="3" time="0.008433"/>
      </testsuite>
      <testsuite name="Tests\Unit\Parsers\ItemXmlParserTest" file="/var/www/html/tests/Unit/Parsers/ItemXmlParserTest.php" tests="5" assertions="14" errors="0" failures="0" skipped="0" time="0.049447">
        <testcase name="it_matches_proficiency_types_for_item_requirements" file="/var/www/html/tests/Unit/Parsers/ItemXmlParserTest.php" line="20" class="Tests\Unit\Parsers\ItemXmlParserTest" classname="Tests.Unit.Parsers.ItemXmlParserTest" assertions="3" time="0.015912"/>
        <testcase name="it_parses_ac_modifier_as_structured_data" file="/var/www/html/tests/Unit/Parsers/ItemXmlParserTest.php" line="51" class="Tests\Unit\Parsers\ItemXmlParserTest" classname="Tests.Unit.Parsers.ItemXmlParserTest" assertions="4" time="0.008424"/>
        <testcase name="it_parses_spell_attack_modifier" file="/var/www/html/tests/Unit/Parsers/ItemXmlParserTest.php" line="75" class="Tests\Unit\Parsers\ItemXmlParserTest" classname="Tests.Unit.Parsers.ItemXmlParserTest" assertions="2" time="0.008154"/>
        <testcase name="it_parses_ability_score_modifier" file="/var/www/html/tests/Unit/Parsers/ItemXmlParserTest.php" line="96" class="Tests\Unit\Parsers\ItemXmlParserTest" classname="Tests.Unit.Parsers.ItemXmlParserTest" assertions="3" time="0.008627"/>
        <testcase name="it_handles_unparseable_modifiers_gracefully" file="/var/www/html/tests/Unit/Parsers/ItemXmlParserTest.php" line="127" class="Tests\Unit\Parsers\ItemXmlParserTest" classname="Tests.Unit.Parsers.ItemXmlParserTest" assertions="2" time="0.008328"/>
      </testsuite>
      <testsuite name="Tests\Unit\Parsers\RaceXmlParserTest" file="/var/www/html/tests/Unit/Parsers/RaceXmlParserTest.php" tests="22" assertions="113" errors="0" failures="0" skipped="0" time="0.004467">
        <testcase name="it_parses_dragonborn_race_from_real_xml" file="/var/www/html/tests/Unit/Parsers/RaceXmlParserTest.php" line="20" class="Tests\Unit\Parsers\RaceXmlParserTest" classname="Tests.Unit.Parsers.RaceXmlParserTest" assertions="14" time="0.003005"/>
        <testcase name="it_parses_hill_dwarf_with_subrace_naming" file="/var/www/html/tests/Unit/Parsers/RaceXmlParserTest.php" line="79" class="Tests\Unit\Parsers\RaceXmlParserTest" classname="Tests.Unit.Parsers.RaceXmlParserTest" assertions="5" time="0.000094"/>
        <testcase name="it_parses_multiple_races" file="/var/www/html/tests/Unit/Parsers/RaceXmlParserTest.php" line="110" class="Tests\Unit\Parsers\RaceXmlParserTest" classname="Tests.Unit.Parsers.RaceXmlParserTest" assertions="5" time="0.000083"/>
        <testcase name="it_handles_race_without_source_citation" file="/var/www/html/tests/Unit/Parsers/RaceXmlParserTest.php" line="152" class="Tests\Unit\Parsers\RaceXmlParserTest" classname="Tests.Unit.Parsers.RaceXmlParserTest" assertions="6" time="0.000053"/>
        <testcase name="it_parses_base_race_and_subrace_from_name" file="/var/www/html/tests/Unit/Parsers/RaceXmlParserTest.php" line="183" class="Tests\Unit\Parsers\RaceXmlParserTest" classname="Tests.Unit.Parsers.RaceXmlParserTest" assertions="4" time="0.000066"/>
        <testcase name="it_parses_race_without_subrace" file="/var/www/html/tests/Unit/Parsers/RaceXmlParserTest.php" line="210" class="Tests\Unit\Parsers\RaceXmlParserTest" classname="Tests.Unit.Parsers.RaceXmlParserTest" assertions="3" time="0.000061"/>
        <testcase name="it_handles_slash_in_subrace_names" file="/var/www/html/tests/Unit/Parsers/RaceXmlParserTest.php" line="236" class="Tests\Unit\Parsers\RaceXmlParserTest" classname="Tests.Unit.Parsers.RaceXmlParserTest" assertions="2" time="0.000084"/>
        <testcase name="it_parses_skill_proficiencies" file="/var/www/html/tests/Unit/Parsers/RaceXmlParserTest.php" line="261" class="Tests\Unit\Parsers\RaceXmlParserTest" classname="Tests.Unit.Parsers.RaceXmlParserTest" assertions="5" time="0.000077"/>
        <testcase name="it_parses_weapon_proficiencies" file="/var/www/html/tests/Unit/Parsers/RaceXmlParserTest.php" line="290" class="Tests\Unit\Parsers\RaceXmlParserTest" classname="Tests.Unit.Parsers.RaceXmlParserTest" assertions="3" time="0.000075"/>
        <testcase name="it_parses_armor_proficiencies" file="/var/www/html/tests/Unit/Parsers/RaceXmlParserTest.php" line="317" class="Tests\Unit\Parsers\RaceXmlParserTest" classname="Tests.Unit.Parsers.RaceXmlParserTest" assertions="3" time="0.000071"/>
        <testcase name="it_parses_multiple_proficiency_types" file="/var/www/html/tests/Unit/Parsers/RaceXmlParserTest.php" line="344" class="Tests\Unit\Parsers\RaceXmlParserTest" classname="Tests.Unit.Parsers.RaceXmlParserTest" assertions="4" time="0.000078"/>
        <testcase name="it_parses_traits_from_xml" file="/var/www/html/tests/Unit/Parsers/RaceXmlParserTest.php" line="378" class="Tests\Unit\Parsers\RaceXmlParserTest" classname="Tests.Unit.Parsers.RaceXmlParserTest" assertions="9" time="0.000081"/>
        <testcase name="it_parses_ability_score_bonuses" file="/var/www/html/tests/Unit/Parsers/RaceXmlParserTest.php" line="424" class="Tests\Unit\Parsers\RaceXmlParserTest" classname="Tests.Unit.Parsers.RaceXmlParserTest" assertions="6" time="0.000072"/>
        <testcase name="it_parses_rolls_from_traits" file="/var/www/html/tests/Unit/Parsers/RaceXmlParserTest.php" line="456" class="Tests\Unit\Parsers\RaceXmlParserTest" classname="Tests.Unit.Parsers.RaceXmlParserTest" assertions="7" time="0.000053"/>
        <testcase name="it_parses_multiple_sources_from_trait_text" file="/var/www/html/tests/Unit/Parsers/RaceXmlParserTest.php" line="491" class="Tests\Unit\Parsers\RaceXmlParserTest" classname="Tests.Unit.Parsers.RaceXmlParserTest" assertions="3" time="0.000064"/>
        <testcase name="it_parses_ability_choice_from_trait_text" file="/var/www/html/tests/Unit/Parsers/RaceXmlParserTest.php" line="521" class="Tests\Unit\Parsers\RaceXmlParserTest" classname="Tests.Unit.Parsers.RaceXmlParserTest" assertions="5" time="0.000093"/>
        <testcase name="it_parses_multiple_ability_choices" file="/var/www/html/tests/Unit/Parsers/RaceXmlParserTest.php" line="549" class="Tests\Unit\Parsers\RaceXmlParserTest" classname="Tests.Unit.Parsers.RaceXmlParserTest" assertions="3" time="0.000048"/>
        <testcase name="it_parses_condition_immunity" file="/var/www/html/tests/Unit/Parsers/RaceXmlParserTest.php" line="574" class="Tests\Unit\Parsers\RaceXmlParserTest" classname="Tests.Unit.Parsers.RaceXmlParserTest" assertions="4" time="0.000046"/>
        <testcase name="it_parses_advantage_on_saving_throws" file="/var/www/html/tests/Unit/Parsers/RaceXmlParserTest.php" line="600" class="Tests\Unit\Parsers\RaceXmlParserTest" classname="Tests.Unit.Parsers.RaceXmlParserTest" assertions="3" time="0.000067"/>
        <testcase name="it_parses_racial_spellcasting" file="/var/www/html/tests/Unit/Parsers/RaceXmlParserTest.php" line="625" class="Tests\Unit\Parsers\RaceXmlParserTest" classname="Tests.Unit.Parsers.RaceXmlParserTest" assertions="5" time="0.000087"/>
        <testcase name="it_parses_damage_resistance_from_resist_element" file="/var/www/html/tests/Unit/Parsers/RaceXmlParserTest.php" line="659" class="Tests\Unit\Parsers\RaceXmlParserTest" classname="Tests.Unit.Parsers.RaceXmlParserTest" assertions="6" time="0.000057"/>
        <testcase name="it_parses_choice_based_proficiencies_from_trait_text" file="/var/www/html/tests/Unit/Parsers/RaceXmlParserTest.php" line="693" class="Tests\Unit\Parsers\RaceXmlParserTest" classname="Tests.Unit.Parsers.RaceXmlParserTest" assertions="8" time="0.000052"/>
      </testsuite>
      <testsuite name="Tests\Unit\Parsers\SpellClassMappingParserTest" file="/var/www/html/tests/Unit/Parsers/SpellClassMappingParserTest.php" tests="7" assertions="15" errors="0" failures="0" skipped="0" time="0.066065">
        <testcase name="it_parses_spell_name_and_classes_from_xml" file="/var/www/html/tests/Unit/Parsers/SpellClassMappingParserTest.php" line="19" class="Tests\Unit\Parsers\SpellClassMappingParserTest" classname="Tests.Unit.Parsers.SpellClassMappingParserTest" assertions="2" time="0.014532"/>
        <testcase name="it_parses_multiple_spells" file="/var/www/html/tests/Unit/Parsers/SpellClassMappingParserTest.php" line="43" class="Tests\Unit\Parsers\SpellClassMappingParserTest" classname="Tests.Unit.Parsers.SpellClassMappingParserTest" assertions="4" time="0.008760"/>
        <testcase name="it_handles_single_class_without_subclass" file="/var/www/html/tests/Unit/Parsers/SpellClassMappingParserTest.php" line="74" class="Tests\Unit\Parsers\SpellClassMappingParserTest" classname="Tests.Unit.Parsers.SpellClassMappingParserTest" assertions="1" time="0.008742"/>
        <testcase name="it_skips_spells_without_name" file="/var/www/html/tests/Unit/Parsers/SpellClassMappingParserTest.php" line="94" class="Tests\Unit\Parsers\SpellClassMappingParserTest" classname="Tests.Unit.Parsers.SpellClassMappingParserTest" assertions="2" time="0.008385"/>
        <testcase name="it_skips_spells_without_classes" file="/var/www/html/tests/Unit/Parsers/SpellClassMappingParserTest.php" line="118" class="Tests\Unit\Parsers\SpellClassMappingParserTest" classname="Tests.Unit.Parsers.SpellClassMappingParserTest" assertions="2" time="0.008432"/>
        <testcase name="it_throws_exception_for_missing_file" file="/var/www/html/tests/Unit/Parsers/SpellClassMappingParserTest.php" line="142" class="Tests\Unit\Parsers\SpellClassMappingParserTest" classname="Tests.Unit.Parsers.SpellClassMappingParserTest" assertions="2" time="0.009046"/>
        <testcase name="it_throws_exception_for_invalid_xml" file="/var/www/html/tests/Unit/Parsers/SpellClassMappingParserTest.php" line="151" class="Tests\Unit\Parsers\SpellClassMappingParserTest" classname="Tests.Unit.Parsers.SpellClassMappingParserTest" assertions="2" time="0.008168"/>
      </testsuite>
      <testsuite name="Tests\Unit\Parsers\SpellRandomTableParserTest" file="/var/www/html/tests/Unit/Parsers/SpellRandomTableParserTest.php" tests="5" assertions="34" errors="0" failures="0" skipped="0" time="0.047006">
        <testcase name="it_detects_random_table_in_spell_description" file="/var/www/html/tests/Unit/Parsers/SpellRandomTableParserTest.php" line="20" class="Tests\Unit\Parsers\SpellRandomTableParserTest" classname="Tests.Unit.Parsers.SpellRandomTableParserTest" assertions="14" time="0.012131"/>
        <testcase name="it_parses_spell_without_random_tables" file="/var/www/html/tests/Unit/Parsers/SpellRandomTableParserTest.php" line="79" class="Tests\Unit\Parsers\SpellRandomTableParserTest" classname="Tests.Unit.Parsers.SpellRandomTableParserTest" assertions="3" time="0.008170"/>
        <testcase name="it_preserves_spell_description_with_table" file="/var/www/html/tests/Unit/Parsers/SpellRandomTableParserTest.php" line="109" class="Tests\Unit\Parsers\SpellRandomTableParserTest" classname="Tests.Unit.Parsers.SpellRandomTableParserTest" assertions="3" time="0.007657"/>
        <testcase name="it_handles_multiple_tables_in_single_spell" file="/var/www/html/tests/Unit/Parsers/SpellRandomTableParserTest.php" line="142" class="Tests\Unit\Parsers\SpellRandomTableParserTest" classname="Tests.Unit.Parsers.SpellRandomTableParserTest" assertions="6" time="0.007790"/>
        <testcase name="it_handles_table_with_range_entries" file="/var/www/html/tests/Unit/Parsers/SpellRandomTableParserTest.php" line="187" class="Tests\Unit\Parsers\SpellRandomTableParserTest" classname="Tests.Unit.Parsers.SpellRandomTableParserTest" assertions="8" time="0.011257"/>
      </testsuite>
      <testsuite name="Tests\Unit\Parsers\SpellSavingThrowsParserTest" file="/var/www/html/tests/Unit/Parsers/SpellSavingThrowsParserTest.php" tests="25" assertions="87" errors="0" failures="0" skipped="0" time="0.207230">
        <testcase name="it_parses_single_dexterity_save_with_half_damage" file="/var/www/html/tests/Unit/Parsers/SpellSavingThrowsParserTest.php" line="20" class="Tests\Unit\Parsers\SpellSavingThrowsParserTest" classname="Tests.Unit.Parsers.SpellSavingThrowsParserTest" assertions="4" time="0.010928"/>
        <testcase name="it_parses_wisdom_save_with_negates_effect" file="/var/www/html/tests/Unit/Parsers/SpellSavingThrowsParserTest.php" line="37" class="Tests\Unit\Parsers\SpellSavingThrowsParserTest" classname="Tests.Unit.Parsers.SpellSavingThrowsParserTest" assertions="4" time="0.007895"/>
        <testcase name="it_parses_constitution_save_with_half_damage" file="/var/www/html/tests/Unit/Parsers/SpellSavingThrowsParserTest.php" line="54" class="Tests\Unit\Parsers\SpellSavingThrowsParserTest" classname="Tests.Unit.Parsers.SpellSavingThrowsParserTest" assertions="4" time="0.007733"/>
        <testcase name="it_parses_recurring_save_to_end_effect" file="/var/www/html/tests/Unit/Parsers/SpellSavingThrowsParserTest.php" line="71" class="Tests\Unit\Parsers\SpellSavingThrowsParserTest" classname="Tests.Unit.Parsers.SpellSavingThrowsParserTest" assertions="7" time="0.008006"/>
        <testcase name="it_parses_strength_save_for_forced_movement" file="/var/www/html/tests/Unit/Parsers/SpellSavingThrowsParserTest.php" line="98" class="Tests\Unit\Parsers\SpellSavingThrowsParserTest" classname="Tests.Unit.Parsers.SpellSavingThrowsParserTest" assertions="4" time="0.008519"/>
        <testcase name="it_parses_intelligence_save" file="/var/www/html/tests/Unit/Parsers/SpellSavingThrowsParserTest.php" line="115" class="Tests\Unit\Parsers\SpellSavingThrowsParserTest" classname="Tests.Unit.Parsers.SpellSavingThrowsParserTest" assertions="3" time="0.008338"/>
        <testcase name="it_parses_charisma_save" file="/var/www/html/tests/Unit/Parsers/SpellSavingThrowsParserTest.php" line="131" class="Tests\Unit\Parsers\SpellSavingThrowsParserTest" classname="Tests.Unit.Parsers.SpellSavingThrowsParserTest" assertions="4" time="0.008078"/>
        <testcase name="it_handles_spells_with_no_saving_throws" file="/var/www/html/tests/Unit/Parsers/SpellSavingThrowsParserTest.php" line="148" class="Tests\Unit\Parsers\SpellSavingThrowsParserTest" classname="Tests.Unit.Parsers.SpellSavingThrowsParserTest" assertions="1" time="0.007655"/>
        <testcase name="it_parses_case_insensitive_saving_throws" file="/var/www/html/tests/Unit/Parsers/SpellSavingThrowsParserTest.php" line="162" class="Tests\Unit\Parsers\SpellSavingThrowsParserTest" classname="Tests.Unit.Parsers.SpellSavingThrowsParserTest" assertions="2" time="0.007746"/>
        <testcase name="it_removes_duplicate_saves_for_same_ability" file="/var/www/html/tests/Unit/Parsers/SpellSavingThrowsParserTest.php" line="177" class="Tests\Unit\Parsers\SpellSavingThrowsParserTest" classname="Tests.Unit.Parsers.SpellSavingThrowsParserTest" assertions="3" time="0.008506"/>
        <testcase name="it_detects_half_damage_from_various_phrasings" file="/var/www/html/tests/Unit/Parsers/SpellSavingThrowsParserTest.php" line="198" class="Tests\Unit\Parsers\SpellSavingThrowsParserTest" classname="Tests.Unit.Parsers.SpellSavingThrowsParserTest" assertions="4" time="0.008371"/>
        <testcase name="it_detects_negates_from_condition_keywords" file="/var/www/html/tests/Unit/Parsers/SpellSavingThrowsParserTest.php" line="225" class="Tests\Unit\Parsers\SpellSavingThrowsParserTest" classname="Tests.Unit.Parsers.SpellSavingThrowsParserTest" assertions="6" time="0.008571"/>
        <testcase name="it_detects_recurring_saves_from_various_phrasings" file="/var/www/html/tests/Unit/Parsers/SpellSavingThrowsParserTest.php" line="247" class="Tests\Unit\Parsers\SpellSavingThrowsParserTest" classname="Tests.Unit.Parsers.SpellSavingThrowsParserTest" assertions="5" time="0.008932"/>
        <testcase name="it_handles_multiple_different_saves" file="/var/www/html/tests/Unit/Parsers/SpellSavingThrowsParserTest.php" line="275" class="Tests\Unit\Parsers\SpellSavingThrowsParserTest" classname="Tests.Unit.Parsers.SpellSavingThrowsParserTest" assertions="2" time="0.008259"/>
        <testcase name="it_detects_full_damage_effect" file="/var/www/html/tests/Unit/Parsers/SpellSavingThrowsParserTest.php" line="292" class="Tests\Unit\Parsers\SpellSavingThrowsParserTest" classname="Tests.Unit.Parsers.SpellSavingThrowsParserTest" assertions="3" time="0.008228"/>
        <testcase name="it_detects_full_damage_without_half_mention" file="/var/www/html/tests/Unit/Parsers/SpellSavingThrowsParserTest.php" line="309" class="Tests\Unit\Parsers\SpellSavingThrowsParserTest" classname="Tests.Unit.Parsers.SpellSavingThrowsParserTest" assertions="3" time="0.008108"/>
        <testcase name="it_detects_become_condition_negates" file="/var/www/html/tests/Unit/Parsers/SpellSavingThrowsParserTest.php" line="326" class="Tests\Unit\Parsers\SpellSavingThrowsParserTest" classname="Tests.Unit.Parsers.SpellSavingThrowsParserTest" assertions="3" time="0.008574"/>
        <testcase name="it_detects_becomes_condition_negates" file="/var/www/html/tests/Unit/Parsers/SpellSavingThrowsParserTest.php" line="342" class="Tests\Unit\Parsers\SpellSavingThrowsParserTest" classname="Tests.Unit.Parsers.SpellSavingThrowsParserTest" assertions="3" time="0.008456"/>
        <testcase name="it_detects_advantage_on_all_saves" file="/var/www/html/tests/Unit/Parsers/SpellSavingThrowsParserTest.php" line="360" class="Tests\Unit\Parsers\SpellSavingThrowsParserTest" classname="Tests.Unit.Parsers.SpellSavingThrowsParserTest" assertions="4" time="0.007997"/>
        <testcase name="it_detects_advantage_on_multiple_ability_scores" file="/var/www/html/tests/Unit/Parsers/SpellSavingThrowsParserTest.php" line="377" class="Tests\Unit\Parsers\SpellSavingThrowsParserTest" classname="Tests.Unit.Parsers.SpellSavingThrowsParserTest" assertions="3" time="0.007753"/>
        <testcase name="it_detects_disadvantage_on_saves" file="/var/www/html/tests/Unit/Parsers/SpellSavingThrowsParserTest.php" line="406" class="Tests\Unit\Parsers\SpellSavingThrowsParserTest" classname="Tests.Unit.Parsers.SpellSavingThrowsParserTest" assertions="3" time="0.007683"/>
        <testcase name="it_detects_disadvantage_on_saving_throws_from_restrained" file="/var/www/html/tests/Unit/Parsers/SpellSavingThrowsParserTest.php" line="424" class="Tests\Unit\Parsers\SpellSavingThrowsParserTest" classname="Tests.Unit.Parsers.SpellSavingThrowsParserTest" assertions="2" time="0.007927"/>
        <testcase name="it_detects_conditional_advantage_as_disadvantage" file="/var/www/html/tests/Unit/Parsers/SpellSavingThrowsParserTest.php" line="441" class="Tests\Unit\Parsers\SpellSavingThrowsParserTest" classname="Tests.Unit.Parsers.SpellSavingThrowsParserTest" assertions="4" time="0.008025"/>
        <testcase name="it_detects_none_modifier_for_standard_saves" file="/var/www/html/tests/Unit/Parsers/SpellSavingThrowsParserTest.php" line="460" class="Tests\Unit\Parsers\SpellSavingThrowsParserTest" classname="Tests.Unit.Parsers.SpellSavingThrowsParserTest" assertions="4" time="0.008945"/>
        <testcase name="it_handles_makes_with_advantage_pattern" file="/var/www/html/tests/Unit/Parsers/SpellSavingThrowsParserTest.php" line="477" class="Tests\Unit\Parsers\SpellSavingThrowsParserTest" classname="Tests.Unit.Parsers.SpellSavingThrowsParserTest" assertions="2" time="0.007997"/>
      </testsuite>
      <testsuite name="Tests\Unit\Parsers\SpellXmlParserTest" file="/var/www/html/tests/Unit/Parsers/SpellXmlParserTest.php" tests="12" assertions="75" errors="0" failures="0" skipped="0" time="0.113131">
        <testcase name="test_parses_basic_spell_data" file="/var/www/html/tests/Unit/Parsers/SpellXmlParserTest.php" line="10" class="Tests\Unit\Parsers\SpellXmlParserTest" classname="Tests.Unit.Parsers.SpellXmlParserTest" assertions="16" time="0.017332"/>
        <testcase name="test_detects_concentration" file="/var/www/html/tests/Unit/Parsers/SpellXmlParserTest.php" line="52" class="Tests\Unit\Parsers\SpellXmlParserTest" classname="Tests.Unit.Parsers.SpellXmlParserTest" assertions="1" time="0.008225"/>
        <testcase name="test_detects_ritual" file="/var/www/html/tests/Unit/Parsers/SpellXmlParserTest.php" line="78" class="Tests\Unit\Parsers\SpellXmlParserTest" classname="Tests.Unit.Parsers.SpellXmlParserTest" assertions="1" time="0.011717"/>
        <testcase name="test_parses_source_with_year" file="/var/www/html/tests/Unit/Parsers/SpellXmlParserTest.php" line="105" class="Tests\Unit\Parsers\SpellXmlParserTest" classname="Tests.Unit.Parsers.SpellXmlParserTest" assertions="4" time="0.008705"/>
        <testcase name="test_strips_school_prefix_from_classes" file="/var/www/html/tests/Unit/Parsers/SpellXmlParserTest.php" line="135" class="Tests\Unit\Parsers\SpellXmlParserTest" classname="Tests.Unit.Parsers.SpellXmlParserTest" assertions="2" time="0.008320"/>
        <testcase name="test_parses_description_from_combined_text_element" file="/var/www/html/tests/Unit/Parsers/SpellXmlParserTest.php" line="162" class="Tests\Unit\Parsers\SpellXmlParserTest" classname="Tests.Unit.Parsers.SpellXmlParserTest" assertions="7" time="0.008498"/>
        <testcase name="test_parses_description_with_separate_text_elements" file="/var/www/html/tests/Unit/Parsers/SpellXmlParserTest.php" line="198" class="Tests\Unit\Parsers\SpellXmlParserTest" classname="Tests.Unit.Parsers.SpellXmlParserTest" assertions="6" time="0.008173"/>
        <testcase name="test_parses_cantrip_roll_elements_with_character_level_scaling" file="/var/www/html/tests/Unit/Parsers/SpellXmlParserTest.php" line="230" class="Tests\Unit\Parsers\SpellXmlParserTest" classname="Tests.Unit.Parsers.SpellXmlParserTest" assertions="15" time="0.008254"/>
        <testcase name="test_parses_spell_roll_elements_with_spell_slot_scaling" file="/var/www/html/tests/Unit/Parsers/SpellXmlParserTest.php" line="282" class="Tests\Unit\Parsers\SpellXmlParserTest" classname="Tests.Unit.Parsers.SpellXmlParserTest" assertions="11" time="0.008237"/>
        <testcase name="test_parses_roll_elements_without_level_attribute" file="/var/www/html/tests/Unit/Parsers/SpellXmlParserTest.php" line="327" class="Tests\Unit\Parsers\SpellXmlParserTest" classname="Tests.Unit.Parsers.SpellXmlParserTest" assertions="7" time="0.009010"/>
        <testcase name="test_parses_healing_effect_type" file="/var/www/html/tests/Unit/Parsers/SpellXmlParserTest.php" line="361" class="Tests\Unit\Parsers\SpellXmlParserTest" classname="Tests.Unit.Parsers.SpellXmlParserTest" assertions="3" time="0.008296"/>
        <testcase name="test_spell_without_roll_elements_returns_empty_effects_array" file="/var/www/html/tests/Unit/Parsers/SpellXmlParserTest.php" line="390" class="Tests\Unit\Parsers\SpellXmlParserTest" classname="Tests.Unit.Parsers.SpellXmlParserTest" assertions="2" time="0.008365"/>
      </testsuite>
      <testsuite name="Tests\Unit\Resources\TagResourceTest" file="/var/www/html/tests/Unit/Resources/TagResourceTest.php" tests="3" assertions="8" errors="0" failures="0" skipped="0" time="0.034458">
        <testcase name="it_serializes_tag_with_basic_attributes" file="/var/www/html/tests/Unit/Resources/TagResourceTest.php" line="12" class="Tests\Unit\Resources\TagResourceTest" classname="Tests.Unit.Resources.TagResourceTest" assertions="3" time="0.016055"/>
        <testcase name="it_serializes_tag_with_type" file="/var/www/html/tests/Unit/Resources/TagResourceTest.php" line="32" class="Tests\Unit\Resources\TagResourceTest" classname="Tests.Unit.Resources.TagResourceTest" assertions="4" time="0.008883"/>
        <testcase name="it_handles_tag_with_no_type" file="/var/www/html/tests/Unit/Resources/TagResourceTest.php" line="53" class="Tests\Unit\Resources\TagResourceTest" classname="Tests.Unit.Resources.TagResourceTest" assertions="1" time="0.009520"/>
      </testsuite>
      <testsuite name="Tests\Unit\Services\BackgroundSearchServiceTest" file="/var/www/html/tests/Unit/Services/BackgroundSearchServiceTest.php" tests="6" assertions="11" errors="0" failures="0" skipped="0" time="1.148819">
        <testcase name="it_builds_database_query_with_filters" file="/var/www/html/tests/Unit/Services/BackgroundSearchServiceTest.php" line="24" class="Tests\Unit\Services\BackgroundSearchServiceTest" classname="Tests.Unit.Services.BackgroundSearchServiceTest" assertions="2" time="0.036463"/>
        <testcase name="it_applies_filters_correctly" file="/var/www/html/tests/Unit/Services/BackgroundSearchServiceTest.php" line="44" class="Tests\Unit\Services\BackgroundSearchServiceTest" classname="Tests.Unit.Services.BackgroundSearchServiceTest" assertions="2" time="0.012529"/>
        <testcase name="it_handles_sorting" file="/var/www/html/tests/Unit/Services/BackgroundSearchServiceTest.php" line="65" class="Tests\Unit\Services\BackgroundSearchServiceTest" classname="Tests.Unit.Services.BackgroundSearchServiceTest" assertions="1" time="0.012767"/>
        <testcase name="it_builds_scout_query_for_search" file="/var/www/html/tests/Unit/Services/BackgroundSearchServiceTest.php" line="85" class="Tests\Unit\Services\BackgroundSearchServiceTest" classname="Tests.Unit.Services.BackgroundSearchServiceTest" assertions="3" time="1.042623"/>
        <testcase name="it_returns_scout_builder_instance" file="/var/www/html/tests/Unit/Services/BackgroundSearchServiceTest.php" line="103" class="Tests\Unit\Services\BackgroundSearchServiceTest" classname="Tests.Unit.Services.BackgroundSearchServiceTest" assertions="1" time="0.017182"/>
        <testcase name="it_applies_multiple_filters_simultaneously" file="/var/www/html/tests/Unit/Services/BackgroundSearchServiceTest.php" line="111" class="Tests\Unit\Services\BackgroundSearchServiceTest" classname="Tests.Unit.Services.BackgroundSearchServiceTest" assertions="2" time="0.027256"/>
      </testsuite>
      <testsuite name="Tests\Unit\Services\GlobalSearchServiceTest" file="/var/www/html/tests/Unit/Services/GlobalSearchServiceTest.php" tests="4" assertions="29" errors="0" failures="0" skipped="0" time="0.060502">
        <testcase name="it_searches_across_multiple_models" file="/var/www/html/tests/Unit/Services/GlobalSearchServiceTest.php" line="11" class="Tests\Unit\Services\GlobalSearchServiceTest" classname="Tests.Unit.Services.GlobalSearchServiceTest" assertions="4" time="0.025224"/>
[...]
      </testsuite>
      <testsuite name="Tests\Feature\Requests\ItemShowRequestTest" file="/var/www/html/tests/Feature/Requests/ItemShowRequestTest.php" tests="6" assertions="27" errors="0" failures="0" skipped="0" time="0.054285">
        <testcase name="it_whitelists_includable_relationships" file="/var/www/html/tests/Feature/Requests/ItemShowRequestTest.php" line="12" class="Tests\Feature\Requests\ItemShowRequestTest" classname="Tests.Feature.Requests.ItemShowRequestTest" assertions="8" time="0.012080"/>
        <testcase name="it_whitelists_selectable_fields" file="/var/www/html/tests/Feature/Requests/ItemShowRequestTest.php" line="44" class="Tests\Feature\Requests\ItemShowRequestTest" classname="Tests.Feature.Requests.ItemShowRequestTest" assertions="13" time="0.009262"/>
        <testcase name="it_accepts_multiple_includes" file="/var/www/html/tests/Feature/Requests/ItemShowRequestTest.php" line="81" class="Tests\Feature\Requests\ItemShowRequestTest" classname="Tests.Feature.Requests.ItemShowRequestTest" assertions="1" time="0.008393"/>
        <testcase name="it_accepts_multiple_fields" file="/var/www/html/tests/Feature/Requests/ItemShowRequestTest.php" line="94" class="Tests\Feature\Requests\ItemShowRequestTest" classname="Tests.Feature.Requests.ItemShowRequestTest" assertions="1" time="0.008284"/>
        <testcase name="it_validates_include_must_be_array" file="/var/www/html/tests/Feature/Requests/ItemShowRequestTest.php" line="107" class="Tests\Feature\Requests\ItemShowRequestTest" classname="Tests.Feature.Requests.ItemShowRequestTest" assertions="2" time="0.008063"/>
        <testcase name="it_validates_fields_must_be_array" file="/var/www/html/tests/Feature/Requests/ItemShowRequestTest.php" line="121" class="Tests\Feature\Requests\ItemShowRequestTest" classname="Tests.Feature.Requests.ItemShowRequestTest" assertions="2" time="0.008203"/>
      </testsuite>
      <testsuite name="Tests\Feature\Requests\ProficiencyTypeIndexRequestTest" file="/var/www/html/tests/Feature/Requests/ProficiencyTypeIndexRequestTest.php" tests="7" assertions="90" errors="0" failures="0" skipped="0" time="0.119332">
        <testcase name="it_returns_paginated_proficiency_types" file="/var/www/html/tests/Feature/Requests/ProficiencyTypeIndexRequestTest.php" line="21" class="Tests\Feature\Requests\ProficiencyTypeIndexRequestTest" classname="Tests.Feature.Requests.ProficiencyTypeIndexRequestTest" assertions="26" time="0.018823"/>
        <testcase name="it_validates_per_page_limit" file="/var/www/html/tests/Feature/Requests/ProficiencyTypeIndexRequestTest.php" line="37" class="Tests\Feature\Requests\ProficiencyTypeIndexRequestTest" classname="Tests.Feature.Requests.ProficiencyTypeIndexRequestTest" assertions="4" time="0.016648"/>
        <testcase name="it_searches_by_name" file="/var/www/html/tests/Feature/Requests/ProficiencyTypeIndexRequestTest.php" line="50" class="Tests\Feature\Requests\ProficiencyTypeIndexRequestTest" classname="Tests.Feature.Requests.ProficiencyTypeIndexRequestTest" assertions="3" time="0.016346"/>
        <testcase name="it_filters_by_category" file="/var/www/html/tests/Feature/Requests/ProficiencyTypeIndexRequestTest.php" line="64" class="Tests\Feature\Requests\ProficiencyTypeIndexRequestTest" classname="Tests.Feature.Requests.ProficiencyTypeIndexRequestTest" assertions="42" time="0.016598"/>
        <testcase name="it_validates_q_max_length" file="/var/www/html/tests/Feature/Requests/ProficiencyTypeIndexRequestTest.php" line="78" class="Tests\Feature\Requests\ProficiencyTypeIndexRequestTest" classname="Tests.Feature.Requests.ProficiencyTypeIndexRequestTest" assertions="4" time="0.016145"/>
        <testcase name="it_validates_page_is_positive_integer" file="/var/www/html/tests/Feature/Requests/ProficiencyTypeIndexRequestTest.php" line="93" class="Tests\Feature\Requests\ProficiencyTypeIndexRequestTest" classname="Tests.Feature.Requests.ProficiencyTypeIndexRequestTest" assertions="7" time="0.017993"/>
        <testcase name="it_validates_category_max_length" file="/var/www/html/tests/Feature/Requests/ProficiencyTypeIndexRequestTest.php" line="111" class="Tests\Feature\Requests\ProficiencyTypeIndexRequestTest" classname="Tests.Feature.Requests.ProficiencyTypeIndexRequestTest" assertions="4" time="0.016777"/>
      </testsuite>
      <testsuite name="Tests\Feature\Requests\RaceIndexRequestTest" file="/var/www/html/tests/Feature/Requests/RaceIndexRequestTest.php" tests="8" assertions="51" errors="0" failures="0" skipped="0" time="0.105629">
        <testcase name="it_validates_grants_proficiency_as_string" file="/var/www/html/tests/Feature/Requests/RaceIndexRequestTest.php" line="16" class="Tests\Feature\Requests\RaceIndexRequestTest" classname="Tests.Feature.Requests.RaceIndexRequestTest" assertions="4" time="0.021934"/>
        <testcase name="it_validates_grants_skill_as_string" file="/var/www/html/tests/Feature/Requests/RaceIndexRequestTest.php" line="29" class="Tests\Feature\Requests\RaceIndexRequestTest" classname="Tests.Feature.Requests.RaceIndexRequestTest" assertions="4" time="0.011203"/>
        <testcase name="it_validates_speaks_language_as_string" file="/var/www/html/tests/Feature/Requests/RaceIndexRequestTest.php" line="42" class="Tests\Feature\Requests\RaceIndexRequestTest" classname="Tests.Feature.Requests.RaceIndexRequestTest" assertions="4" time="0.011367"/>
        <testcase name="it_validates_language_choice_count_range" file="/var/www/html/tests/Feature/Requests/RaceIndexRequestTest.php" line="55" class="Tests\Feature\Requests\RaceIndexRequestTest" classname="Tests.Feature.Requests.RaceIndexRequestTest" assertions="9" time="0.012828"/>
        <testcase name="it_validates_grants_languages_boolean" file="/var/www/html/tests/Feature/Requests/RaceIndexRequestTest.php" line="79" class="Tests\Feature\Requests\RaceIndexRequestTest" classname="Tests.Feature.Requests.RaceIndexRequestTest" assertions="7" time="0.012281"/>
        <testcase name="it_whitelists_sortable_columns" file="/var/www/html/tests/Feature/Requests/RaceIndexRequestTest.php" line="101" class="Tests\Feature\Requests\RaceIndexRequestTest" classname="Tests.Feature.Requests.RaceIndexRequestTest" assertions="8" time="0.013130"/>
        <testcase name="it_validates_sort_direction" file="/var/www/html/tests/Feature/Requests/RaceIndexRequestTest.php" line="118" class="Tests\Feature\Requests\RaceIndexRequestTest" classname="Tests.Feature.Requests.RaceIndexRequestTest" assertions="5" time="0.011305"/>
        <testcase name="it_validates_pagination_parameters" file="/var/www/html/tests/Feature/Requests/RaceIndexRequestTest.php" line="134" class="Tests\Feature\Requests\RaceIndexRequestTest" classname="Tests.Feature.Requests.RaceIndexRequestTest" assertions="10" time="0.011581"/>
      </testsuite>
      <testsuite name="Tests\Feature\Requests\RaceShowRequestTest" file="/var/www/html/tests/Feature/Requests/RaceShowRequestTest.php" tests="5" assertions="29" errors="0" failures="0" skipped="0" time="0.096973">
        <testcase name="it_validates_includable_relationships" file="/var/www/html/tests/Feature/Requests/RaceShowRequestTest.php" line="17" class="Tests\Feature\Requests\RaceShowRequestTest" classname="Tests.Feature.Requests.RaceShowRequestTest" assertions="11" time="0.024094"/>
        <testcase name="it_validates_selectable_fields" file="/var/www/html/tests/Feature/Requests/RaceShowRequestTest.php" line="44" class="Tests\Feature\Requests\RaceShowRequestTest" classname="Tests.Feature.Requests.RaceShowRequestTest" assertions="11" time="0.024541"/>
        <testcase name="it_loads_specified_relationships_only" file="/var/www/html/tests/Feature/Requests/RaceShowRequestTest.php" line="71" class="Tests\Feature\Requests\RaceShowRequestTest" classname="Tests.Feature.Requests.RaceShowRequestTest" assertions="5" time="0.012460"/>
        <testcase name="it_accepts_multiple_includes" file="/var/www/html/tests/Feature/Requests/RaceShowRequestTest.php" line="92" class="Tests\Feature\Requests\RaceShowRequestTest" classname="Tests.Feature.Requests.RaceShowRequestTest" assertions="1" time="0.021147"/>
        <testcase name="it_accepts_multiple_field_selections" file="/var/www/html/tests/Feature/Requests/RaceShowRequestTest.php" line="101" class="Tests\Feature\Requests\RaceShowRequestTest" classname="Tests.Feature.Requests.RaceShowRequestTest" assertions="1" time="0.014731"/>
      </testsuite>
      <testsuite name="Tests\Feature\Requests\SourceIndexRequestTest" file="/var/www/html/tests/Feature/Requests/SourceIndexRequestTest.php" tests="6" assertions="22" errors="0" failures="0" skipped="0" time="0.065870">
        <testcase name="it_paginates_sources" file="/var/www/html/tests/Feature/Requests/SourceIndexRequestTest.php" line="16" class="Tests\Feature\Requests\SourceIndexRequestTest" classname="Tests.Feature.Requests.SourceIndexRequestTest" assertions="4" time="0.011468"/>
        <testcase name="it_searches_sources_by_name" file="/var/www/html/tests/Feature/Requests/SourceIndexRequestTest.php" line="28" class="Tests\Feature\Requests\SourceIndexRequestTest" classname="Tests.Feature.Requests.SourceIndexRequestTest" assertions="2" time="0.009736"/>
        <testcase name="it_searches_sources_by_code" file="/var/www/html/tests/Feature/Requests/SourceIndexRequestTest.php" line="36" class="Tests\Feature\Requests\SourceIndexRequestTest" classname="Tests.Feature.Requests.SourceIndexRequestTest" assertions="2" time="0.010056"/>
        <testcase name="it_validates_per_page_limit" file="/var/www/html/tests/Feature/Requests/SourceIndexRequestTest.php" line="44" class="Tests\Feature\Requests\SourceIndexRequestTest" classname="Tests.Feature.Requests.SourceIndexRequestTest" assertions="3" time="0.010120"/>
        <testcase name="it_validates_page_is_positive_integer" file="/var/www/html/tests/Feature/Requests/SourceIndexRequestTest.php" line="52" class="Tests\Feature\Requests\SourceIndexRequestTest" classname="Tests.Feature.Requests.SourceIndexRequestTest" assertions="7" time="0.011674"/>
        <testcase name="it_validates_q_max_length" file="/var/www/html/tests/Feature/Requests/SourceIndexRequestTest.php" line="70" class="Tests\Feature\Requests\SourceIndexRequestTest" classname="Tests.Feature.Requests.SourceIndexRequestTest" assertions="4" time="0.012817"/>
      </testsuite>
      <testsuite name="Tests\Feature\Requests\SpellIndexRequestTest" file="/var/www/html/tests/Feature/Requests/SpellIndexRequestTest.php" tests="9" assertions="49" errors="0" failures="0" skipped="0" time="0.138530">
        <testcase name="it_validates_level_filter" file="/var/www/html/tests/Feature/Requests/SpellIndexRequestTest.php" line="16" class="Tests\Feature\Requests\SpellIndexRequestTest" classname="Tests.Feature.Requests.SpellIndexRequestTest" assertions="4" time="0.014725"/>
        <testcase name="it_validates_school_exists" file="/var/www/html/tests/Feature/Requests/SpellIndexRequestTest.php" line="29" class="Tests\Feature\Requests\SpellIndexRequestTest" classname="Tests.Feature.Requests.SpellIndexRequestTest" assertions="4" time="0.011343"/>
        <testcase name="it_validates_concentration_boolean" file="/var/www/html/tests/Feature/Requests/SpellIndexRequestTest.php" line="44" class="Tests\Feature\Requests\SpellIndexRequestTest" classname="Tests.Feature.Requests.SpellIndexRequestTest" assertions="7" time="0.012999"/>
        <testcase name="it_validates_ritual_boolean" file="/var/www/html/tests/Feature/Requests/SpellIndexRequestTest.php" line="69" class="Tests\Feature\Requests\SpellIndexRequestTest" classname="Tests.Feature.Requests.SpellIndexRequestTest" assertions="7" time="0.012588"/>
        <testcase name="it_whitelists_sortable_columns" file="/var/www/html/tests/Feature/Requests/SpellIndexRequestTest.php" line="94" class="Tests\Feature\Requests\SpellIndexRequestTest" classname="Tests.Feature.Requests.SpellIndexRequestTest" assertions="7" time="0.018819"/>
        <testcase name="it_validates_per_page_limit" file="/var/www/html/tests/Feature/Requests/SpellIndexRequestTest.php" line="121" class="Tests\Feature\Requests\SpellIndexRequestTest" classname="Tests.Feature.Requests.SpellIndexRequestTest" assertions="4" time="0.014777"/>
        <testcase name="it_validates_sort_direction" file="/var/www/html/tests/Feature/Requests/SpellIndexRequestTest.php" line="134" class="Tests\Feature\Requests\SpellIndexRequestTest" classname="Tests.Feature.Requests.SpellIndexRequestTest" assertions="5" time="0.014855"/>
        <testcase name="it_validates_search_max_length" file="/var/www/html/tests/Feature/Requests/SpellIndexRequestTest.php" line="153" class="Tests\Feature\Requests\SpellIndexRequestTest" classname="Tests.Feature.Requests.SpellIndexRequestTest" assertions="4" time="0.013635"/>
        <testcase name="it_validates_page_is_positive_integer" file="/var/www/html/tests/Feature/Requests/SpellIndexRequestTest.php" line="168" class="Tests\Feature\Requests\SpellIndexRequestTest" classname="Tests.Feature.Requests.SpellIndexRequestTest" assertions="7" time="0.024789"/>
      </testsuite>
      <testsuite name="Tests\Feature\Requests\SpellSchoolIndexRequestTest" file="/var/www/html/tests/Feature/Requests/SpellSchoolIndexRequestTest.php" tests="5" assertions="45" errors="0" failures="0" skipped="0" time="0.057992">
        <testcase name="it_paginates_spell_schools" file="/var/www/html/tests/Feature/Requests/SpellSchoolIndexRequestTest.php" line="14" class="Tests\Feature\Requests\SpellSchoolIndexRequestTest" classname="Tests.Feature.Requests.SpellSchoolIndexRequestTest" assertions="27" time="0.014686"/>
        <testcase name="it_searches_spell_schools_by_name" file="/var/www/html/tests/Feature/Requests/SpellSchoolIndexRequestTest.php" line="33" class="Tests\Feature\Requests\SpellSchoolIndexRequestTest" classname="Tests.Feature.Requests.SpellSchoolIndexRequestTest" assertions="3" time="0.009990"/>
        <testcase name="it_validates_per_page_maximum" file="/var/www/html/tests/Feature/Requests/SpellSchoolIndexRequestTest.php" line="47" class="Tests\Feature\Requests\SpellSchoolIndexRequestTest" classname="Tests.Feature.Requests.SpellSchoolIndexRequestTest" assertions="4" time="0.011762"/>
        <testcase name="it_validates_q_max_length" file="/var/www/html/tests/Feature/Requests/SpellSchoolIndexRequestTest.php" line="60" class="Tests\Feature\Requests\SpellSchoolIndexRequestTest" classname="Tests.Feature.Requests.SpellSchoolIndexRequestTest" assertions="4" time="0.010736"/>
        <testcase name="it_validates_page_is_positive_integer" file="/var/www/html/tests/Feature/Requests/SpellSchoolIndexRequestTest.php" line="75" class="Tests\Feature\Requests\SpellSchoolIndexRequestTest" classname="Tests.Feature.Requests.SpellSchoolIndexRequestTest" assertions="7" time="0.010819"/>
      </testsuite>
      <testsuite name="Tests\Feature\Requests\SpellShowRequestTest" file="/var/www/html/tests/Feature/Requests/SpellShowRequestTest.php" tests="6" assertions="32" errors="0" failures="0" skipped="0" time="0.114029">
        <testcase name="it_validates_includable_relationships" file="/var/www/html/tests/Feature/Requests/SpellShowRequestTest.php" line="15" class="Tests\Feature\Requests\SpellShowRequestTest" classname="Tests.Feature.Requests.SpellShowRequestTest" assertions="9" time="0.018922"/>
        <testcase name="it_validates_selectable_fields" file="/var/www/html/tests/Feature/Requests/SpellShowRequestTest.php" line="50" class="Tests\Feature\Requests\SpellShowRequestTest" classname="Tests.Feature.Requests.SpellShowRequestTest" assertions="15" time="0.032870"/>
        <testcase name="it_allows_multiple_includes" file="/var/www/html/tests/Feature/Requests/SpellShowRequestTest.php" line="109" class="Tests\Feature\Requests\SpellShowRequestTest" classname="Tests.Feature.Requests.SpellShowRequestTest" assertions="1" time="0.013442"/>
        <testcase name="it_allows_multiple_fields" file="/var/www/html/tests/Feature/Requests/SpellShowRequestTest.php" line="119" class="Tests\Feature\Requests\SpellShowRequestTest" classname="Tests.Feature.Requests.SpellShowRequestTest" assertions="1" time="0.016821"/>
        <testcase name="it_validates_include_must_be_array" file="/var/www/html/tests/Feature/Requests/SpellShowRequestTest.php" line="129" class="Tests\Feature\Requests\SpellShowRequestTest" classname="Tests.Feature.Requests.SpellShowRequestTest" assertions="3" time="0.015527"/>
        <testcase name="it_validates_fields_must_be_array" file="/var/www/html/tests/Feature/Requests/SpellShowRequestTest.php" line="140" class="Tests\Feature\Requests\SpellShowRequestTest" classname="Tests.Feature.Requests.SpellShowRequestTest" assertions="3" time="0.016446"/>
      </testsuite>
      <testsuite name="Tests\Feature\ScrambleDocumentationTest" file="/var/www/html/tests/Feature/ScrambleDocumentationTest.php" tests="5" assertions="34" errors="0" failures="0" skipped="0" time="1.453530">
        <testcase name="it_generates_valid_openapi_specification" file="/var/www/html/tests/Feature/ScrambleDocumentationTest.php" line="28" class="Tests\Feature\ScrambleDocumentationTest" classname="Tests.Feature.ScrambleDocumentationTest" assertions="5" time="0.460508"/>
        <testcase name="it_documents_feat_endpoint_with_correct_response_schema" file="/var/www/html/tests/Feature/ScrambleDocumentationTest.php" line="38" class="Tests\Feature\ScrambleDocumentationTest" classname="Tests.Feature.ScrambleDocumentationTest" assertions="7" time="0.235516"/>
        <testcase name="it_documents_class_endpoint_with_correct_response_schema" file="/var/www/html/tests/Feature/ScrambleDocumentationTest.php" line="57" class="Tests\Feature\ScrambleDocumentationTest" classname="Tests.Feature.ScrambleDocumentationTest" assertions="5" time="0.264389"/>
        <testcase name="it_documents_background_endpoint_with_correct_response_schema" file="/var/www/html/tests/Feature/ScrambleDocumentationTest.php" line="72" class="Tests\Feature\ScrambleDocumentationTest" classname="Tests.Feature.ScrambleDocumentationTest" assertions="5" time="0.256972"/>
        <testcase name="it_documents_search_endpoint_with_grouped_results" file="/var/www/html/tests/Feature/ScrambleDocumentationTest.php" line="87" class="Tests\Feature\ScrambleDocumentationTest" classname="Tests.Feature.ScrambleDocumentationTest" assertions="12" time="0.236145"/>
      </testsuite>
      <testsuite name="Tests\Feature\Seeders\ConditionSeederTest" file="/var/www/html/tests/Feature/Seeders/ConditionSeederTest.php" tests="4" assertions="22" errors="0" failures="0" skipped="0" time="0.046830">
        <testcase name="it_seeds_all_15_dnd_conditions" file="/var/www/html/tests/Feature/Seeders/ConditionSeederTest.php" line="16" class="Tests\Feature\Seeders\ConditionSeederTest" classname="Tests.Feature.Seeders.ConditionSeederTest" assertions="1" time="0.014783"/>
        <testcase name="it_seeds_specific_conditions" file="/var/www/html/tests/Feature/Seeders/ConditionSeederTest.php" line="24" class="Tests\Feature\Seeders\ConditionSeederTest" classname="Tests.Feature.Seeders.ConditionSeederTest" assertions="15" time="0.010647"/>
        <testcase name="it_creates_conditions_with_descriptions" file="/var/www/html/tests/Feature/Seeders/ConditionSeederTest.php" line="52" class="Tests\Feature\Seeders\ConditionSeederTest" classname="Tests.Feature.Seeders.ConditionSeederTest" assertions="4" time="0.010014"/>
        <testcase name="it_is_idempotent" file="/var/www/html/tests/Feature/Seeders/ConditionSeederTest.php" line="65" class="Tests\Feature\Seeders\ConditionSeederTest" classname="Tests.Feature.Seeders.ConditionSeederTest" assertions="2" time="0.011387"/>
      </testsuite>
    </testsuite>
  </testsuite>
</testsuites>
